2025-10-30 21:03:29,736 [INFO] [MainThread] [root/log.py:59]: YASB v1.8.3
2025-10-30 21:03:29,736 [INFO] [Thread-1 (_run_server)] [cli_server/cli_server.py:212]: CLI server started v1.1.2
2025-10-30 21:03:29,736 [INFO] [MainThread] [cli_server/cli_server.py:104]: Log pipe server started
2025-10-30 21:03:29,763 [INFO] [MainThread] [root/config.py:64]: Created default config file at C:\Users\8eber\.config\yasb\config.yaml
2025-10-30 21:03:29,779 [INFO] [MainThread] [root/config.py:78]: Created default stylesheet at C:\Users\8eber\.config\yasb\styles.css
2025-10-30 21:04:41,857 [DEBUG] [MainThread] [tzlocal/win32.py:55]: Looking up time zone info from registry
2025-10-30 21:04:43,358 [DEBUG] [MainThread] [comtypes/__init__.py:149]: CoInitializeEx(None, 2)
2025-10-30 21:04:43,762 [ERROR] [MainThread] [root/weather.py:59]: API key or location is missing. Please provide a valid API key and location.
2025-10-30 21:04:44,342 [ERROR] [MainThread] [root/weather.py:59]: API key or location is missing. Please provide a valid API key and location.
2025-10-30 21:04:44,419 [ERROR] [MainThread] [root/weather.py:59]: API key or location is missing. Please provide a valid API key and location.
2025-10-30 21:04:44,469 [INFO] [MainThread] [root/bar_manager.py:85]: Starting KomorebiEventListener...
2025-10-30 21:04:44,469 [INFO] [MainThread] [root/bar_manager.py:85]: Starting SystemEventListener...
2025-10-30 21:04:44,469 [INFO] [MainThread] [root/bar_manager.py:85]: Starting WindowsNotificationEventListener...
2025-10-30 21:04:44,469 [INFO] [MainThread] [root/watcher.py:54]: Created file watcher for path C:\Users\8eber\.config\yasb
2025-10-30 21:04:44,505 [INFO] [Dummy-5] [root/event_listener.py:51]: Created named pipe yasb-967a3633-b5f5-11f0-8d32-f42679312099
2025-10-30 21:04:44,521 [DEBUG] [MainThread] [qasync._windows._EventPoller/_windows.py:215]: Starting (proactor: <_IocpProactor overlapped#=0 result#=0>)...
2025-10-30 21:04:44,521 [DEBUG] [Dummy-7] [qasync._windows._EventWorker/_windows.py:195]: Thread started
2025-10-30 21:06:50,838 [INFO] [MainThread] [root/controller.py:15]: Reloading Bar from context menu...
2025-10-30 21:06:50,949 [INFO] [MainThread] [cli_server/cli_server.py:112]: Log pipe server stopped
2025-10-30 21:06:50,949 [DEBUG] [MainThread] [cli_server/cli_server.py:206]: CLI server stopped
2025-10-30 21:06:51,091 [INFO] [MainThread] [root/bar_manager.py:92]: Stopping KomorebiEventListener...
2025-10-30 21:06:51,091 [INFO] [MainThread] [root/bar_manager.py:92]: Stopping SystemEventListener...
2025-10-30 21:06:51,091 [INFO] [MainThread] [root/bar_manager.py:92]: Stopping WindowsNotificationEventListener...
2025-10-30 21:06:51,112 [DEBUG] [MainThread] [qasync._windows._EventPoller/_windows.py:220]: Stopping worker thread...
2025-10-30 21:06:51,123 [DEBUG] [Dummy-7] [qasync._windows._EventWorker/_windows.py:204]: Exiting thread
2025-10-30 21:06:51,124 [DEBUG] [MainThread] [qasync._windows._IocpProactor/_windows.py:78]: Closing
2025-10-30 21:06:51,249 [INFO] [MainThread] [root/log.py:59]: YASB v1.8.3
2025-10-30 21:06:51,249 [INFO] [Thread-1 (_run_server)] [cli_server/cli_server.py:212]: CLI server started v1.1.2
2025-10-30 21:06:51,249 [INFO] [MainThread] [cli_server/cli_server.py:104]: Log pipe server started
2025-10-30 21:06:51,376 [DEBUG] [MainThread] [tzlocal/win32.py:55]: Looking up time zone info from registry
2025-10-30 21:06:51,446 [DEBUG] [MainThread] [comtypes/__init__.py:149]: CoInitializeEx(None, 2)
2025-10-30 21:06:51,554 [ERROR] [MainThread] [root/weather.py:59]: API key or location is missing. Please provide a valid API key and location.
2025-10-30 21:06:51,882 [ERROR] [MainThread] [root/weather.py:59]: API key or location is missing. Please provide a valid API key and location.
2025-10-30 21:06:51,953 [ERROR] [MainThread] [root/weather.py:59]: API key or location is missing. Please provide a valid API key and location.
2025-10-30 21:06:51,993 [INFO] [MainThread] [root/bar_manager.py:85]: Starting KomorebiEventListener...
2025-10-30 21:06:51,993 [INFO] [MainThread] [root/bar_manager.py:85]: Starting SystemEventListener...
2025-10-30 21:06:51,993 [INFO] [MainThread] [root/bar_manager.py:85]: Starting WindowsNotificationEventListener...
2025-10-30 21:06:51,993 [INFO] [MainThread] [root/watcher.py:54]: Created file watcher for path C:\Users\8eber\.config\yasb
2025-10-30 21:06:51,993 [INFO] [Dummy-5] [root/event_listener.py:51]: Created named pipe yasb-e27cd72f-b5f5-11f0-bb23-f42679312099
2025-10-30 21:06:52,040 [DEBUG] [MainThread] [qasync._windows._EventPoller/_windows.py:215]: Starting (proactor: <_IocpProactor overlapped#=0 result#=0>)...
2025-10-30 21:06:52,040 [DEBUG] [Dummy-9] [qasync._windows._EventWorker/_windows.py:195]: Thread started
2025-10-30 23:10:10,274 [INFO] [MainThread] [root/controller.py:15]: Reloading Application because of config change.
2025-10-30 23:10:10,381 [INFO] [MainThread] [cli_server/cli_server.py:112]: Log pipe server stopped
2025-10-30 23:10:10,381 [DEBUG] [MainThread] [cli_server/cli_server.py:206]: CLI server stopped
2025-10-30 23:10:10,402 [INFO] [MainThread] [root/bar_manager.py:76]: Successfully loaded updated config and re-initialised all bars.
2025-10-30 23:10:10,960 [INFO] [MainThread] [root/bar_manager.py:92]: Stopping KomorebiEventListener...
2025-10-30 23:10:10,961 [INFO] [MainThread] [root/bar_manager.py:92]: Stopping SystemEventListener...
2025-10-30 23:10:10,961 [INFO] [MainThread] [root/bar_manager.py:92]: Stopping WindowsNotificationEventListener...
2025-10-30 23:10:10,972 [DEBUG] [MainThread] [qasync._windows._EventPoller/_windows.py:220]: Stopping worker thread...
2025-10-30 23:10:10,976 [DEBUG] [Dummy-9] [qasync._windows._EventWorker/_windows.py:204]: Exiting thread
2025-10-30 23:10:10,979 [DEBUG] [MainThread] [qasync._windows._IocpProactor/_windows.py:78]: Closing
2025-10-30 23:10:11,836 [INFO] [MainThread] [root/log.py:59]: YASB v1.8.3
2025-10-30 23:10:11,836 [INFO] [Thread-1 (_run_server)] [cli_server/cli_server.py:212]: CLI server started v1.1.2
2025-10-30 23:10:11,836 [INFO] [MainThread] [cli_server/cli_server.py:104]: Log pipe server started
2025-10-30 23:10:11,962 [WARNING] [MainThread] [root/widget_builder.py:40]: No widget config could be found for widget 'komorebi_workspaces
2025-10-30 23:10:11,962 [WARNING] [MainThread] [root/widget_builder.py:40]: No widget config could be found for widget 'komorebi_active_layout
2025-10-30 23:10:12,228 [DEBUG] [MainThread] [tzlocal/win32.py:55]: Looking up time zone info from registry
2025-10-30 23:10:13,862 [DEBUG] [MainThread] [comtypes/__init__.py:149]: CoInitializeEx(None, 2)
2025-10-30 23:10:14,276 [ERROR] [MainThread] [root/weather.py:59]: API key or location is missing. Please provide a valid API key and location.
2025-10-30 23:10:14,720 [WARNING] [MainThread] [root/widget_builder.py:37]: Ignoring construction of invalid widget 'komorebi_workspaces'
2025-10-30 23:10:14,720 [WARNING] [MainThread] [root/widget_builder.py:37]: Ignoring construction of invalid widget 'komorebi_active_layout'
2025-10-30 23:10:14,732 [ERROR] [MainThread] [root/weather.py:59]: API key or location is missing. Please provide a valid API key and location.
2025-10-30 23:10:14,935 [WARNING] [MainThread] [root/widget_builder.py:37]: Ignoring construction of invalid widget 'komorebi_workspaces'
2025-10-30 23:10:14,935 [WARNING] [MainThread] [root/widget_builder.py:37]: Ignoring construction of invalid widget 'komorebi_active_layout'
2025-10-30 23:10:14,952 [ERROR] [MainThread] [root/weather.py:59]: API key or location is missing. Please provide a valid API key and location.
2025-10-30 23:10:15,011 [INFO] [MainThread] [root/bar_manager.py:85]: Starting WindowsNotificationEventListener...
2025-10-30 23:10:15,011 [INFO] [MainThread] [root/bar_manager.py:85]: Starting SystemEventListener...
2025-10-30 23:10:15,011 [ERROR] [MainThread] [root/widget_builder.py:86]: Failed to add undefined widget(s)  - The widget "komorebi_workspaces" is undefined.
 - The widget "komorebi_active_layout" is undefined.
2025-10-30 23:10:15,034 [INFO] [MainThread] [root/watcher.py:54]: Created file watcher for path C:\Users\8eber\.config\yasb
2025-10-30 23:10:15,067 [DEBUG] [MainThread] [qasync._windows._EventPoller/_windows.py:215]: Starting (proactor: <_IocpProactor overlapped#=0 result#=0>)...
2025-10-30 23:10:15,068 [DEBUG] [Dummy-6] [qasync._windows._EventWorker/_windows.py:195]: Thread started
2025-10-30 23:10:56,445 [INFO] [MainThread] [root/controller.py:15]: Reloading Application because of config change.
2025-10-30 23:10:56,555 [INFO] [MainThread] [cli_server/cli_server.py:112]: Log pipe server stopped
2025-10-30 23:10:56,555 [DEBUG] [MainThread] [cli_server/cli_server.py:206]: CLI server stopped
2025-10-30 23:10:56,559 [INFO] [MainThread] [root/bar_manager.py:76]: Successfully loaded updated config and re-initialised all bars.
2025-10-30 23:10:56,795 [INFO] [MainThread] [root/log.py:59]: YASB v1.8.3
2025-10-30 23:10:56,796 [INFO] [Thread-1 (_run_server)] [cli_server/cli_server.py:212]: CLI server started v1.1.2
2025-10-30 23:10:56,796 [INFO] [MainThread] [cli_server/cli_server.py:104]: Log pipe server started
2025-10-30 23:10:56,796 [INFO] [MainThread] [root/main.py:47]: Waiting for previous YASB instance to exit...
2025-10-30 23:10:57,100 [INFO] [MainThread] [root/bar_manager.py:92]: Stopping WindowsNotificationEventListener...
2025-10-30 23:10:57,100 [INFO] [MainThread] [root/bar_manager.py:92]: Stopping SystemEventListener...
2025-10-30 23:10:57,104 [DEBUG] [MainThread] [qasync._windows._EventPoller/_windows.py:220]: Stopping worker thread...
2025-10-30 23:10:57,121 [DEBUG] [Dummy-6] [qasync._windows._EventWorker/_windows.py:204]: Exiting thread
2025-10-30 23:10:57,122 [DEBUG] [MainThread] [qasync._windows._IocpProactor/_windows.py:78]: Closing
2025-10-30 23:10:57,297 [INFO] [MainThread] [root/main.py:73]: Previous instance exited, continuing startup.
2025-10-30 23:10:57,392 [WARNING] [MainThread] [root/widget_builder.py:40]: No widget config could be found for widget 'komorebi_workspaces
2025-10-30 23:10:57,392 [WARNING] [MainThread] [root/widget_builder.py:40]: No widget config could be found for widget 'komorebi_active_layout
2025-10-30 23:10:57,447 [DEBUG] [MainThread] [tzlocal/win32.py:55]: Looking up time zone info from registry
2025-10-30 23:10:57,522 [DEBUG] [MainThread] [comtypes/__init__.py:149]: CoInitializeEx(None, 2)
2025-10-30 23:10:57,625 [ERROR] [MainThread] [root/weather.py:59]: API key or location is missing. Please provide a valid API key and location.
2025-10-30 23:10:57,965 [WARNING] [MainThread] [root/widget_builder.py:37]: Ignoring construction of invalid widget 'komorebi_workspaces'
2025-10-30 23:10:57,965 [WARNING] [MainThread] [root/widget_builder.py:37]: Ignoring construction of invalid widget 'komorebi_active_layout'
2025-10-30 23:10:57,976 [ERROR] [MainThread] [root/weather.py:59]: API key or location is missing. Please provide a valid API key and location.
2025-10-30 23:10:58,038 [WARNING] [MainThread] [root/widget_builder.py:37]: Ignoring construction of invalid widget 'komorebi_workspaces'
2025-10-30 23:10:58,038 [WARNING] [MainThread] [root/widget_builder.py:37]: Ignoring construction of invalid widget 'komorebi_active_layout'
2025-10-30 23:10:58,051 [ERROR] [MainThread] [root/weather.py:59]: API key or location is missing. Please provide a valid API key and location.
2025-10-30 23:10:58,090 [INFO] [MainThread] [root/bar_manager.py:85]: Starting WindowsNotificationEventListener...
2025-10-30 23:10:58,091 [INFO] [MainThread] [root/bar_manager.py:85]: Starting SystemEventListener...
2025-10-30 23:10:58,091 [ERROR] [MainThread] [root/widget_builder.py:86]: Failed to add undefined widget(s)  - The widget "komorebi_workspaces" is undefined.
 - The widget "komorebi_active_layout" is undefined.
2025-10-30 23:10:58,103 [INFO] [MainThread] [root/watcher.py:54]: Created file watcher for path C:\Users\8eber\.config\yasb
2025-10-30 23:10:58,121 [DEBUG] [MainThread] [qasync._windows._EventPoller/_windows.py:215]: Starting (proactor: <_IocpProactor overlapped#=0 result#=0>)...
2025-10-30 23:10:58,121 [DEBUG] [Dummy-6] [qasync._windows._EventWorker/_windows.py:195]: Thread started
2025-10-30 23:11:56,262 [INFO] [MainThread] [root/controller.py:15]: Reloading Application because of config change.
2025-10-30 23:11:56,370 [INFO] [MainThread] [cli_server/cli_server.py:112]: Log pipe server stopped
2025-10-30 23:11:56,370 [DEBUG] [MainThread] [cli_server/cli_server.py:206]: CLI server stopped
2025-10-30 23:11:56,373 [INFO] [MainThread] [root/bar_manager.py:76]: Successfully loaded updated config and re-initialised all bars.
2025-10-30 23:11:56,574 [INFO] [MainThread] [root/log.py:59]: YASB v1.8.3
2025-10-30 23:11:56,574 [INFO] [Thread-1 (_run_server)] [cli_server/cli_server.py:212]: CLI server started v1.1.2
2025-10-30 23:11:56,574 [INFO] [MainThread] [cli_server/cli_server.py:104]: Log pipe server started
2025-10-30 23:11:56,574 [INFO] [MainThread] [root/main.py:47]: Waiting for previous YASB instance to exit...
2025-10-30 23:11:56,967 [INFO] [MainThread] [root/bar_manager.py:92]: Stopping WindowsNotificationEventListener...
2025-10-30 23:11:56,967 [INFO] [MainThread] [root/bar_manager.py:92]: Stopping SystemEventListener...
2025-10-30 23:11:56,971 [DEBUG] [MainThread] [qasync._windows._EventPoller/_windows.py:220]: Stopping worker thread...
2025-10-30 23:11:56,974 [DEBUG] [Dummy-6] [qasync._windows._EventWorker/_windows.py:204]: Exiting thread
2025-10-30 23:11:56,976 [DEBUG] [MainThread] [qasync._windows._IocpProactor/_windows.py:78]: Closing
2025-10-30 23:11:57,081 [INFO] [MainThread] [root/main.py:73]: Previous instance exited, continuing startup.
2025-10-30 23:11:57,312 [DEBUG] [MainThread] [tzlocal/win32.py:55]: Looking up time zone info from registry
2025-10-30 23:11:57,499 [DEBUG] [MainThread] [comtypes/__init__.py:149]: CoInitializeEx(None, 2)
2025-10-30 23:11:57,607 [ERROR] [MainThread] [root/weather.py:59]: API key or location is missing. Please provide a valid API key and location.
2025-10-30 23:11:58,013 [ERROR] [MainThread] [root/weather.py:59]: API key or location is missing. Please provide a valid API key and location.
2025-10-30 23:11:58,092 [ERROR] [MainThread] [root/weather.py:59]: API key or location is missing. Please provide a valid API key and location.
2025-10-30 23:11:58,142 [INFO] [MainThread] [root/bar_manager.py:85]: Starting WindowsNotificationEventListener...
2025-10-30 23:11:58,142 [INFO] [MainThread] [root/bar_manager.py:85]: Starting SystemEventListener...
2025-10-30 23:11:58,142 [INFO] [MainThread] [root/watcher.py:54]: Created file watcher for path C:\Users\8eber\.config\yasb
2025-10-30 23:11:58,181 [DEBUG] [MainThread] [qasync._windows._EventPoller/_windows.py:215]: Starting (proactor: <_IocpProactor overlapped#=0 result#=0>)...
2025-10-30 23:11:58,183 [DEBUG] [Dummy-6] [qasync._windows._EventWorker/_windows.py:195]: Thread started
2025-10-30 23:12:53,757 [INFO] [MainThread] [root/controller.py:15]: Reloading Bar from context menu...
2025-10-30 23:12:53,865 [INFO] [MainThread] [cli_server/cli_server.py:112]: Log pipe server stopped
2025-10-30 23:12:53,865 [DEBUG] [MainThread] [cli_server/cli_server.py:206]: CLI server stopped
2025-10-30 23:12:54,095 [INFO] [MainThread] [root/log.py:59]: YASB v1.8.3
2025-10-30 23:12:54,095 [INFO] [Thread-1 (_run_server)] [cli_server/cli_server.py:212]: CLI server started v1.1.2
2025-10-30 23:12:54,095 [INFO] [MainThread] [cli_server/cli_server.py:104]: Log pipe server started
2025-10-30 23:12:54,095 [INFO] [MainThread] [root/main.py:47]: Waiting for previous YASB instance to exit...
2025-10-30 23:12:54,409 [INFO] [MainThread] [root/bar_manager.py:92]: Stopping WindowsNotificationEventListener...
2025-10-30 23:12:54,410 [INFO] [MainThread] [root/bar_manager.py:92]: Stopping SystemEventListener...
2025-10-30 23:12:54,422 [DEBUG] [MainThread] [qasync._windows._EventPoller/_windows.py:220]: Stopping worker thread...
2025-10-30 23:12:54,425 [DEBUG] [Dummy-6] [qasync._windows._EventWorker/_windows.py:204]: Exiting thread
2025-10-30 23:12:54,428 [DEBUG] [MainThread] [qasync._windows._IocpProactor/_windows.py:78]: Closing
2025-10-30 23:12:54,599 [INFO] [MainThread] [root/main.py:73]: Previous instance exited, continuing startup.
2025-10-30 23:12:54,747 [DEBUG] [MainThread] [tzlocal/win32.py:55]: Looking up time zone info from registry
2025-10-30 23:12:54,847 [DEBUG] [MainThread] [comtypes/__init__.py:149]: CoInitializeEx(None, 2)
2025-10-30 23:12:54,950 [ERROR] [MainThread] [root/weather.py:59]: API key or location is missing. Please provide a valid API key and location.
2025-10-30 23:12:55,354 [ERROR] [MainThread] [root/weather.py:59]: API key or location is missing. Please provide a valid API key and location.
2025-10-30 23:12:55,430 [ERROR] [MainThread] [root/weather.py:59]: API key or location is missing. Please provide a valid API key and location.
2025-10-30 23:12:55,476 [INFO] [MainThread] [root/bar_manager.py:85]: Starting SystemEventListener...
2025-10-30 23:12:55,476 [INFO] [MainThread] [root/bar_manager.py:85]: Starting WindowsNotificationEventListener...
2025-10-30 23:12:55,477 [INFO] [MainThread] [root/watcher.py:54]: Created file watcher for path C:\Users\8eber\.config\yasb
2025-10-30 23:12:55,505 [DEBUG] [MainThread] [qasync._windows._EventPoller/_windows.py:215]: Starting (proactor: <_IocpProactor overlapped#=0 result#=0>)...
2025-10-30 23:12:55,506 [DEBUG] [Dummy-6] [qasync._windows._EventWorker/_windows.py:195]: Thread started
2025-10-30 23:17:21,836 [ERROR] [MainThread] [root/config.py:115]: The config file 'C:\Users\8eber\.config\yasb\config.yaml' contains validation errors. Please fix:
widgets:
- glazewm_workspaces:
  - null value not allowed

2025-10-30 23:17:42,835 [ERROR] [MainThread] [root/config.py:115]: The config file 'C:\Users\8eber\.config\yasb\config.yaml' contains validation errors. Please fix:
widgets:
- glazewm_workspaces:
  - null value not allowed

2025-10-30 23:18:24,714 [INFO] [MainThread] [root/controller.py:15]: Reloading Bar from context menu...
2025-10-30 23:18:24,823 [INFO] [MainThread] [cli_server/cli_server.py:112]: Log pipe server stopped
2025-10-30 23:18:24,823 [DEBUG] [MainThread] [cli_server/cli_server.py:206]: CLI server stopped
2025-10-30 23:18:25,030 [INFO] [MainThread] [root/log.py:59]: YASB v1.8.3
2025-10-30 23:18:25,030 [INFO] [Thread-1 (_run_server)] [cli_server/cli_server.py:212]: CLI server started v1.1.2
2025-10-30 23:18:25,031 [INFO] [MainThread] [cli_server/cli_server.py:104]: Log pipe server started
2025-10-30 23:18:25,031 [INFO] [MainThread] [root/main.py:47]: Waiting for previous YASB instance to exit...
2025-10-30 23:18:25,379 [INFO] [MainThread] [root/bar_manager.py:92]: Stopping SystemEventListener...
2025-10-30 23:18:25,379 [INFO] [MainThread] [root/bar_manager.py:92]: Stopping WindowsNotificationEventListener...
2025-10-30 23:18:25,385 [DEBUG] [MainThread] [qasync._windows._EventPoller/_windows.py:220]: Stopping worker thread...
2025-10-30 23:18:25,390 [DEBUG] [Dummy-6] [qasync._windows._EventWorker/_windows.py:204]: Exiting thread
2025-10-30 23:18:25,397 [DEBUG] [MainThread] [qasync._windows._IocpProactor/_windows.py:78]: Closing
2025-10-30 23:18:25,532 [INFO] [MainThread] [root/main.py:73]: Previous instance exited, continuing startup.
2025-10-30 23:18:25,621 [ERROR] [MainThread] [root/config.py:115]: The config file 'C:\Users\8eber\.config\yasb\config.yaml' contains validation errors. Please fix:
widgets:
- glazewm_workspaces:
  - null value not allowed

2025-10-30 23:18:25,625 [ERROR] [MainThread] [root/config.py:168]: User config file could not be loaded. Exiting Application.
2025-10-30 23:18:44,120 [INFO] [MainThread] [root/log.py:59]: YASB v1.8.3
2025-10-30 23:18:44,121 [INFO] [Thread-1 (_run_server)] [cli_server/cli_server.py:212]: CLI server started v1.1.2
2025-10-30 23:18:44,121 [INFO] [MainThread] [cli_server/cli_server.py:104]: Log pipe server started
2025-10-30 23:18:44,145 [ERROR] [MainThread] [root/config.py:115]: The config file 'C:\Users\8eber\.config\yasb\config.yaml' contains validation errors. Please fix:
widgets:
- glazewm_workspaces:
  - null value not allowed

2025-10-30 23:18:44,148 [ERROR] [MainThread] [root/config.py:168]: User config file could not be loaded. Exiting Application.
2025-10-30 23:20:14,072 [INFO] [MainThread] [root/log.py:59]: YASB v1.8.3
2025-10-30 23:20:14,073 [INFO] [Thread-1 (_run_server)] [cli_server/cli_server.py:212]: CLI server started v1.1.2
2025-10-30 23:20:14,073 [INFO] [MainThread] [cli_server/cli_server.py:104]: Log pipe server started
2025-10-30 23:20:14,106 [ERROR] [MainThread] [root/config.py:115]: The config file 'C:\Users\8eber\.config\yasb\config.yaml' contains validation errors. Please fix:
widgets:
- glazewm_workspaces:
  - null value not allowed

2025-10-30 23:20:14,115 [ERROR] [MainThread] [root/config.py:168]: User config file could not be loaded. Exiting Application.
2025-10-30 23:22:33,729 [INFO] [MainThread] [root/log.py:59]: YASB v1.8.3
2025-10-30 23:22:33,729 [INFO] [Thread-1 (_run_server)] [cli_server/cli_server.py:212]: CLI server started v1.1.2
2025-10-30 23:22:33,729 [INFO] [MainThread] [cli_server/cli_server.py:104]: Log pipe server started
2025-10-30 23:22:33,840 [DEBUG] [MainThread] [tzlocal/win32.py:55]: Looking up time zone info from registry
2025-10-30 23:22:33,874 [DEBUG] [MainThread] [comtypes/__init__.py:149]: CoInitializeEx(None, 2)
2025-10-30 23:22:33,946 [ERROR] [MainThread] [root/weather.py:59]: API key or location is missing. Please provide a valid API key and location.
2025-10-30 23:22:34,265 [ERROR] [MainThread] [root/weather.py:59]: API key or location is missing. Please provide a valid API key and location.
2025-10-30 23:22:34,561 [ERROR] [MainThread] [root/weather.py:59]: API key or location is missing. Please provide a valid API key and location.
2025-10-30 23:22:34,669 [INFO] [MainThread] [root/bar_manager.py:85]: Starting WindowsNotificationEventListener...
2025-10-30 23:22:34,669 [INFO] [MainThread] [root/bar_manager.py:85]: Starting SystemEventListener...
2025-10-30 23:22:34,669 [INFO] [MainThread] [root/watcher.py:54]: Created file watcher for path C:\Users\8eber\.config\yasb
2025-10-30 23:22:34,702 [DEBUG] [MainThread] [qasync._windows._EventPoller/_windows.py:215]: Starting (proactor: <_IocpProactor overlapped#=0 result#=0>)...
2025-10-30 23:22:34,703 [DEBUG] [Dummy-6] [qasync._windows._EventWorker/_windows.py:195]: Thread started
2025-10-30 23:32:21,619 [INFO] [MainThread] [root/controller.py:15]: Reloading Application because of config change.
2025-10-30 23:32:21,733 [INFO] [MainThread] [cli_server/cli_server.py:112]: Log pipe server stopped
2025-10-30 23:32:21,733 [DEBUG] [MainThread] [cli_server/cli_server.py:206]: CLI server stopped
2025-10-30 23:32:21,737 [INFO] [MainThread] [root/bar_manager.py:76]: Successfully loaded updated config and re-initialised all bars.
2025-10-30 23:32:21,941 [INFO] [MainThread] [root/log.py:59]: YASB v1.8.3
2025-10-30 23:32:21,942 [INFO] [Thread-1 (_run_server)] [cli_server/cli_server.py:212]: CLI server started v1.1.2
2025-10-30 23:32:21,942 [INFO] [MainThread] [cli_server/cli_server.py:104]: Log pipe server started
2025-10-30 23:32:21,942 [INFO] [MainThread] [root/main.py:47]: Waiting for previous YASB instance to exit...
2025-10-30 23:32:22,297 [INFO] [MainThread] [root/bar_manager.py:92]: Stopping WindowsNotificationEventListener...
2025-10-30 23:32:22,297 [INFO] [MainThread] [root/bar_manager.py:92]: Stopping SystemEventListener...
2025-10-30 23:32:22,301 [DEBUG] [MainThread] [qasync._windows._EventPoller/_windows.py:220]: Stopping worker thread...
2025-10-30 23:32:22,313 [DEBUG] [Dummy-6] [qasync._windows._EventWorker/_windows.py:204]: Exiting thread
2025-10-30 23:32:22,313 [DEBUG] [MainThread] [qasync._windows._IocpProactor/_windows.py:78]: Closing
2025-10-30 23:32:22,444 [INFO] [MainThread] [root/main.py:73]: Previous instance exited, continuing startup.
2025-10-30 23:32:22,621 [DEBUG] [MainThread] [tzlocal/win32.py:55]: Looking up time zone info from registry
2025-10-30 23:32:22,719 [DEBUG] [MainThread] [comtypes/__init__.py:149]: CoInitializeEx(None, 2)
2025-10-30 23:32:22,819 [ERROR] [MainThread] [root/weather.py:59]: API key or location is missing. Please provide a valid API key and location.
2025-10-30 23:32:23,240 [ERROR] [MainThread] [root/weather.py:59]: API key or location is missing. Please provide a valid API key and location.
2025-10-30 23:32:23,336 [ERROR] [MainThread] [root/weather.py:59]: API key or location is missing. Please provide a valid API key and location.
2025-10-30 23:32:23,438 [INFO] [MainThread] [root/bar_manager.py:85]: Starting SystemEventListener...
2025-10-30 23:32:23,438 [INFO] [MainThread] [root/bar_manager.py:85]: Starting WindowsNotificationEventListener...
2025-10-30 23:32:23,439 [INFO] [MainThread] [root/watcher.py:54]: Created file watcher for path C:\Users\8eber\.config\yasb
2025-10-30 23:32:23,462 [DEBUG] [MainThread] [qasync._windows._EventPoller/_windows.py:215]: Starting (proactor: <_IocpProactor overlapped#=0 result#=0>)...
2025-10-30 23:32:23,463 [DEBUG] [Dummy-6] [qasync._windows._EventWorker/_windows.py:195]: Thread started
2025-10-30 23:32:50,069 [INFO] [MainThread] [root/controller.py:15]: Reloading Application because of config change.
2025-10-30 23:32:50,173 [INFO] [MainThread] [cli_server/cli_server.py:112]: Log pipe server stopped
2025-10-30 23:32:50,173 [DEBUG] [MainThread] [cli_server/cli_server.py:206]: CLI server stopped
2025-10-30 23:32:50,176 [INFO] [MainThread] [root/bar_manager.py:76]: Successfully loaded updated config and re-initialised all bars.
2025-10-30 23:32:50,369 [INFO] [MainThread] [root/log.py:59]: YASB v1.8.3
2025-10-30 23:32:50,369 [INFO] [Thread-1 (_run_server)] [cli_server/cli_server.py:212]: CLI server started v1.1.2
2025-10-30 23:32:50,369 [INFO] [MainThread] [cli_server/cli_server.py:104]: Log pipe server started
2025-10-30 23:32:50,369 [INFO] [MainThread] [root/main.py:47]: Waiting for previous YASB instance to exit...
2025-10-30 23:32:50,739 [INFO] [MainThread] [root/bar_manager.py:92]: Stopping SystemEventListener...
2025-10-30 23:32:50,739 [INFO] [MainThread] [root/bar_manager.py:92]: Stopping WindowsNotificationEventListener...
2025-10-30 23:32:50,747 [DEBUG] [MainThread] [qasync._windows._EventPoller/_windows.py:220]: Stopping worker thread...
2025-10-30 23:32:50,762 [DEBUG] [Dummy-6] [qasync._windows._EventWorker/_windows.py:204]: Exiting thread
2025-10-30 23:32:50,764 [DEBUG] [MainThread] [qasync._windows._IocpProactor/_windows.py:78]: Closing
2025-10-30 23:32:50,875 [INFO] [MainThread] [root/main.py:73]: Previous instance exited, continuing startup.
2025-10-30 23:32:51,047 [DEBUG] [MainThread] [tzlocal/win32.py:55]: Looking up time zone info from registry
2025-10-30 23:32:51,130 [DEBUG] [MainThread] [comtypes/__init__.py:149]: CoInitializeEx(None, 2)
2025-10-30 23:32:51,253 [ERROR] [MainThread] [root/weather.py:59]: API key or location is missing. Please provide a valid API key and location.
2025-10-30 23:32:51,676 [ERROR] [MainThread] [root/weather.py:59]: API key or location is missing. Please provide a valid API key and location.
2025-10-30 23:32:51,774 [ERROR] [MainThread] [root/weather.py:59]: API key or location is missing. Please provide a valid API key and location.
2025-10-30 23:32:51,804 [INFO] [MainThread] [root/bar_manager.py:85]: Starting SystemEventListener...
2025-10-30 23:32:51,804 [INFO] [MainThread] [root/bar_manager.py:85]: Starting WindowsNotificationEventListener...
2025-10-30 23:32:51,804 [INFO] [MainThread] [root/watcher.py:54]: Created file watcher for path C:\Users\8eber\.config\yasb
2025-10-30 23:32:51,868 [DEBUG] [MainThread] [qasync._windows._EventPoller/_windows.py:215]: Starting (proactor: <_IocpProactor overlapped#=0 result#=0>)...
2025-10-30 23:32:51,868 [DEBUG] [Dummy-6] [qasync._windows._EventWorker/_windows.py:195]: Thread started
2025-10-30 23:34:46,505 [INFO] [MainThread] [root/controller.py:15]: Reloading Application because of config change.
2025-10-30 23:34:46,611 [INFO] [MainThread] [cli_server/cli_server.py:112]: Log pipe server stopped
2025-10-30 23:34:46,611 [DEBUG] [MainThread] [cli_server/cli_server.py:206]: CLI server stopped
2025-10-30 23:34:46,611 [INFO] [MainThread] [root/bar_manager.py:76]: Successfully loaded updated config and re-initialised all bars.
2025-10-30 23:34:46,804 [INFO] [MainThread] [root/log.py:59]: YASB v1.8.3
2025-10-30 23:34:46,805 [INFO] [Thread-1 (_run_server)] [cli_server/cli_server.py:212]: CLI server started v1.1.2
2025-10-30 23:34:46,805 [INFO] [MainThread] [cli_server/cli_server.py:104]: Log pipe server started
2025-10-30 23:34:46,805 [INFO] [MainThread] [root/main.py:47]: Waiting for previous YASB instance to exit...
2025-10-30 23:34:47,157 [INFO] [MainThread] [root/bar_manager.py:92]: Stopping SystemEventListener...
2025-10-30 23:34:47,157 [INFO] [MainThread] [root/bar_manager.py:92]: Stopping WindowsNotificationEventListener...
2025-10-30 23:34:47,165 [DEBUG] [MainThread] [qasync._windows._EventPoller/_windows.py:220]: Stopping worker thread...
2025-10-30 23:34:47,183 [DEBUG] [Dummy-6] [qasync._windows._EventWorker/_windows.py:204]: Exiting thread
2025-10-30 23:34:47,183 [DEBUG] [MainThread] [qasync._windows._IocpProactor/_windows.py:78]: Closing
2025-10-30 23:34:47,307 [INFO] [MainThread] [root/main.py:73]: Previous instance exited, continuing startup.
2025-10-30 23:34:47,470 [DEBUG] [MainThread] [tzlocal/win32.py:55]: Looking up time zone info from registry
2025-10-30 23:34:47,541 [DEBUG] [MainThread] [comtypes/__init__.py:149]: CoInitializeEx(None, 2)
2025-10-30 23:34:47,625 [ERROR] [MainThread] [root/weather.py:59]: API key or location is missing. Please provide a valid API key and location.
2025-10-30 23:34:47,995 [ERROR] [MainThread] [root/weather.py:59]: API key or location is missing. Please provide a valid API key and location.
2025-10-30 23:34:48,095 [ERROR] [MainThread] [root/weather.py:59]: API key or location is missing. Please provide a valid API key and location.
2025-10-30 23:34:48,137 [INFO] [MainThread] [root/bar_manager.py:85]: Starting WindowsNotificationEventListener...
2025-10-30 23:34:48,137 [INFO] [MainThread] [root/bar_manager.py:85]: Starting SystemEventListener...
2025-10-30 23:34:48,137 [INFO] [MainThread] [root/watcher.py:54]: Created file watcher for path C:\Users\8eber\.config\yasb
2025-10-30 23:34:48,185 [DEBUG] [MainThread] [qasync._windows._EventPoller/_windows.py:215]: Starting (proactor: <_IocpProactor overlapped#=0 result#=0>)...
2025-10-30 23:34:48,185 [DEBUG] [Dummy-6] [qasync._windows._EventWorker/_windows.py:195]: Thread started
2025-10-30 23:35:28,715 [INFO] [MainThread] [root/controller.py:15]: Reloading Application because of config change.
2025-10-30 23:35:28,824 [INFO] [MainThread] [cli_server/cli_server.py:112]: Log pipe server stopped
2025-10-30 23:35:28,824 [DEBUG] [MainThread] [cli_server/cli_server.py:206]: CLI server stopped
2025-10-30 23:35:28,827 [INFO] [MainThread] [root/bar_manager.py:76]: Successfully loaded updated config and re-initialised all bars.
2025-10-30 23:35:29,015 [INFO] [MainThread] [root/log.py:59]: YASB v1.8.3
2025-10-30 23:35:29,015 [INFO] [Thread-1 (_run_server)] [cli_server/cli_server.py:212]: CLI server started v1.1.2
2025-10-30 23:35:29,015 [INFO] [MainThread] [cli_server/cli_server.py:104]: Log pipe server started
2025-10-30 23:35:29,015 [INFO] [MainThread] [root/main.py:47]: Waiting for previous YASB instance to exit...
2025-10-30 23:35:29,415 [INFO] [MainThread] [root/bar_manager.py:92]: Stopping WindowsNotificationEventListener...
2025-10-30 23:35:29,415 [INFO] [MainThread] [root/bar_manager.py:92]: Stopping SystemEventListener...
2025-10-30 23:35:29,418 [DEBUG] [MainThread] [qasync._windows._EventPoller/_windows.py:220]: Stopping worker thread...
2025-10-30 23:35:29,426 [DEBUG] [Dummy-6] [qasync._windows._EventWorker/_windows.py:204]: Exiting thread
2025-10-30 23:35:29,426 [DEBUG] [MainThread] [qasync._windows._IocpProactor/_windows.py:78]: Closing
2025-10-30 23:35:29,517 [INFO] [MainThread] [root/main.py:73]: Previous instance exited, continuing startup.
2025-10-30 23:35:29,665 [DEBUG] [MainThread] [tzlocal/win32.py:55]: Looking up time zone info from registry
2025-10-30 23:35:29,745 [DEBUG] [MainThread] [comtypes/__init__.py:149]: CoInitializeEx(None, 2)
2025-10-30 23:35:29,849 [ERROR] [MainThread] [root/weather.py:59]: API key or location is missing. Please provide a valid API key and location.
2025-10-30 23:35:30,234 [ERROR] [MainThread] [root/weather.py:59]: API key or location is missing. Please provide a valid API key and location.
2025-10-30 23:35:30,335 [ERROR] [MainThread] [root/weather.py:59]: API key or location is missing. Please provide a valid API key and location.
2025-10-30 23:35:30,375 [INFO] [MainThread] [root/bar_manager.py:85]: Starting WindowsNotificationEventListener...
2025-10-30 23:35:30,378 [INFO] [MainThread] [root/bar_manager.py:85]: Starting SystemEventListener...
2025-10-30 23:35:30,378 [INFO] [MainThread] [root/watcher.py:54]: Created file watcher for path C:\Users\8eber\.config\yasb
2025-10-30 23:35:30,428 [DEBUG] [MainThread] [qasync._windows._EventPoller/_windows.py:215]: Starting (proactor: <_IocpProactor overlapped#=0 result#=0>)...
2025-10-30 23:35:30,428 [DEBUG] [Dummy-6] [qasync._windows._EventWorker/_windows.py:195]: Thread started
2025-10-30 23:35:38,519 [INFO] [MainThread] [root/controller.py:15]: Reloading Application because of config change.
2025-10-30 23:35:38,625 [INFO] [MainThread] [cli_server/cli_server.py:112]: Log pipe server stopped
2025-10-30 23:35:38,625 [DEBUG] [MainThread] [cli_server/cli_server.py:206]: CLI server stopped
2025-10-30 23:35:38,625 [INFO] [MainThread] [root/bar_manager.py:76]: Successfully loaded updated config and re-initialised all bars.
2025-10-30 23:35:38,818 [INFO] [MainThread] [root/log.py:59]: YASB v1.8.3
2025-10-30 23:35:38,818 [INFO] [Thread-1 (_run_server)] [cli_server/cli_server.py:212]: CLI server started v1.1.2
2025-10-30 23:35:38,818 [INFO] [MainThread] [cli_server/cli_server.py:104]: Log pipe server started
2025-10-30 23:35:38,819 [INFO] [MainThread] [root/main.py:47]: Waiting for previous YASB instance to exit...
2025-10-30 23:35:39,225 [INFO] [MainThread] [root/bar_manager.py:92]: Stopping WindowsNotificationEventListener...
2025-10-30 23:35:39,225 [INFO] [MainThread] [root/bar_manager.py:92]: Stopping SystemEventListener...
2025-10-30 23:35:39,232 [DEBUG] [MainThread] [qasync._windows._EventPoller/_windows.py:220]: Stopping worker thread...
2025-10-30 23:35:39,250 [DEBUG] [Dummy-6] [qasync._windows._EventWorker/_windows.py:204]: Exiting thread
2025-10-30 23:35:39,250 [DEBUG] [MainThread] [qasync._windows._IocpProactor/_windows.py:78]: Closing
2025-10-30 23:35:39,319 [INFO] [MainThread] [root/main.py:73]: Previous instance exited, continuing startup.
2025-10-30 23:35:39,505 [DEBUG] [MainThread] [tzlocal/win32.py:55]: Looking up time zone info from registry
2025-10-30 23:35:39,587 [DEBUG] [MainThread] [comtypes/__init__.py:149]: CoInitializeEx(None, 2)
2025-10-30 23:35:39,691 [ERROR] [MainThread] [root/weather.py:59]: API key or location is missing. Please provide a valid API key and location.
2025-10-30 23:35:40,085 [ERROR] [MainThread] [root/weather.py:59]: API key or location is missing. Please provide a valid API key and location.
2025-10-30 23:35:40,188 [ERROR] [MainThread] [root/weather.py:59]: API key or location is missing. Please provide a valid API key and location.
2025-10-30 23:35:40,215 [INFO] [MainThread] [root/bar_manager.py:85]: Starting SystemEventListener...
2025-10-30 23:35:40,215 [INFO] [MainThread] [root/bar_manager.py:85]: Starting WindowsNotificationEventListener...
2025-10-30 23:35:40,215 [INFO] [MainThread] [root/watcher.py:54]: Created file watcher for path C:\Users\8eber\.config\yasb
2025-10-30 23:35:40,285 [DEBUG] [MainThread] [qasync._windows._EventPoller/_windows.py:215]: Starting (proactor: <_IocpProactor overlapped#=0 result#=0>)...
2025-10-30 23:35:40,285 [DEBUG] [Dummy-6] [qasync._windows._EventWorker/_windows.py:195]: Thread started
2025-10-30 23:35:59,661 [INFO] [MainThread] [root/controller.py:15]: Reloading Application because of config change.
2025-10-30 23:35:59,775 [INFO] [MainThread] [cli_server/cli_server.py:112]: Log pipe server stopped
2025-10-30 23:35:59,775 [DEBUG] [MainThread] [cli_server/cli_server.py:206]: CLI server stopped
2025-10-30 23:35:59,776 [INFO] [MainThread] [root/bar_manager.py:76]: Successfully loaded updated config and re-initialised all bars.
2025-10-30 23:35:59,969 [INFO] [MainThread] [root/log.py:59]: YASB v1.8.3
2025-10-30 23:35:59,969 [INFO] [Thread-1 (_run_server)] [cli_server/cli_server.py:212]: CLI server started v1.1.2
2025-10-30 23:35:59,969 [INFO] [MainThread] [cli_server/cli_server.py:104]: Log pipe server started
2025-10-30 23:35:59,969 [INFO] [MainThread] [root/main.py:47]: Waiting for previous YASB instance to exit...
2025-10-30 23:36:00,342 [INFO] [MainThread] [root/bar_manager.py:92]: Stopping SystemEventListener...
2025-10-30 23:36:00,342 [INFO] [MainThread] [root/bar_manager.py:92]: Stopping WindowsNotificationEventListener...
2025-10-30 23:36:00,348 [DEBUG] [MainThread] [qasync._windows._EventPoller/_windows.py:220]: Stopping worker thread...
2025-10-30 23:36:00,367 [DEBUG] [Dummy-6] [qasync._windows._EventWorker/_windows.py:204]: Exiting thread
2025-10-30 23:36:00,367 [DEBUG] [MainThread] [qasync._windows._IocpProactor/_windows.py:78]: Closing
2025-10-30 23:36:00,471 [INFO] [MainThread] [root/main.py:73]: Previous instance exited, continuing startup.
2025-10-30 23:36:00,658 [DEBUG] [MainThread] [tzlocal/win32.py:55]: Looking up time zone info from registry
2025-10-30 23:36:00,735 [DEBUG] [MainThread] [comtypes/__init__.py:149]: CoInitializeEx(None, 2)
2025-10-30 23:36:00,838 [ERROR] [MainThread] [root/weather.py:59]: API key or location is missing. Please provide a valid API key and location.
2025-10-30 23:36:01,308 [ERROR] [MainThread] [root/weather.py:59]: API key or location is missing. Please provide a valid API key and location.
2025-10-30 23:36:01,437 [ERROR] [MainThread] [root/weather.py:59]: API key or location is missing. Please provide a valid API key and location.
2025-10-30 23:36:01,465 [INFO] [MainThread] [root/bar_manager.py:85]: Starting SystemEventListener...
2025-10-30 23:36:01,465 [INFO] [MainThread] [root/bar_manager.py:85]: Starting WindowsNotificationEventListener...
2025-10-30 23:36:01,465 [INFO] [MainThread] [root/watcher.py:54]: Created file watcher for path C:\Users\8eber\.config\yasb
2025-10-30 23:36:01,545 [DEBUG] [MainThread] [qasync._windows._EventPoller/_windows.py:215]: Starting (proactor: <_IocpProactor overlapped#=0 result#=0>)...
2025-10-30 23:36:01,550 [DEBUG] [Dummy-6] [qasync._windows._EventWorker/_windows.py:195]: Thread started
2025-10-30 23:36:09,188 [INFO] [MainThread] [root/controller.py:15]: Reloading Application because of config change.
2025-10-30 23:36:09,303 [INFO] [MainThread] [cli_server/cli_server.py:112]: Log pipe server stopped
2025-10-30 23:36:09,303 [DEBUG] [MainThread] [cli_server/cli_server.py:206]: CLI server stopped
2025-10-30 23:36:09,305 [INFO] [MainThread] [root/bar_manager.py:76]: Successfully loaded updated config and re-initialised all bars.
2025-10-30 23:36:09,505 [INFO] [MainThread] [root/log.py:59]: YASB v1.8.3
2025-10-30 23:36:09,505 [INFO] [Thread-1 (_run_server)] [cli_server/cli_server.py:212]: CLI server started v1.1.2
2025-10-30 23:36:09,505 [INFO] [MainThread] [cli_server/cli_server.py:104]: Log pipe server started
2025-10-30 23:36:09,505 [INFO] [MainThread] [root/main.py:47]: Waiting for previous YASB instance to exit...
2025-10-30 23:36:09,858 [INFO] [MainThread] [root/bar_manager.py:92]: Stopping SystemEventListener...
2025-10-30 23:36:09,858 [INFO] [MainThread] [root/bar_manager.py:92]: Stopping WindowsNotificationEventListener...
2025-10-30 23:36:09,868 [DEBUG] [MainThread] [qasync._windows._EventPoller/_windows.py:220]: Stopping worker thread...
2025-10-30 23:36:09,883 [DEBUG] [Dummy-6] [qasync._windows._EventWorker/_windows.py:204]: Exiting thread
2025-10-30 23:36:09,883 [DEBUG] [MainThread] [qasync._windows._IocpProactor/_windows.py:78]: Closing
2025-10-30 23:36:10,008 [INFO] [MainThread] [root/main.py:73]: Previous instance exited, continuing startup.
2025-10-30 23:36:10,135 [DEBUG] [MainThread] [tzlocal/win32.py:55]: Looking up time zone info from registry
2025-10-30 23:36:10,238 [DEBUG] [MainThread] [comtypes/__init__.py:149]: CoInitializeEx(None, 2)
2025-10-30 23:36:10,349 [ERROR] [MainThread] [root/weather.py:59]: API key or location is missing. Please provide a valid API key and location.
2025-10-30 23:36:10,755 [ERROR] [MainThread] [root/weather.py:59]: API key or location is missing. Please provide a valid API key and location.
2025-10-30 23:36:10,859 [ERROR] [MainThread] [root/weather.py:59]: API key or location is missing. Please provide a valid API key and location.
2025-10-30 23:36:10,891 [INFO] [MainThread] [root/bar_manager.py:85]: Starting SystemEventListener...
2025-10-30 23:36:10,891 [INFO] [MainThread] [root/bar_manager.py:85]: Starting WindowsNotificationEventListener...
2025-10-30 23:36:10,891 [INFO] [MainThread] [root/watcher.py:54]: Created file watcher for path C:\Users\8eber\.config\yasb
2025-10-30 23:36:10,956 [DEBUG] [MainThread] [qasync._windows._EventPoller/_windows.py:215]: Starting (proactor: <_IocpProactor overlapped#=0 result#=0>)...
2025-10-30 23:36:10,956 [DEBUG] [Dummy-6] [qasync._windows._EventWorker/_windows.py:195]: Thread started
2025-10-30 23:36:49,735 [INFO] [MainThread] [root/controller.py:15]: Reloading Application because of config change.
2025-10-30 23:36:49,846 [INFO] [MainThread] [cli_server/cli_server.py:112]: Log pipe server stopped
2025-10-30 23:36:49,846 [DEBUG] [MainThread] [cli_server/cli_server.py:206]: CLI server stopped
2025-10-30 23:36:49,846 [INFO] [MainThread] [root/bar_manager.py:76]: Successfully loaded updated config and re-initialised all bars.
2025-10-30 23:36:50,045 [INFO] [MainThread] [root/log.py:59]: YASB v1.8.3
2025-10-30 23:36:50,045 [INFO] [Thread-1 (_run_server)] [cli_server/cli_server.py:212]: CLI server started v1.1.2
2025-10-30 23:36:50,045 [INFO] [MainThread] [cli_server/cli_server.py:104]: Log pipe server started
2025-10-30 23:36:50,045 [INFO] [MainThread] [root/main.py:47]: Waiting for previous YASB instance to exit...
2025-10-30 23:36:50,395 [INFO] [MainThread] [root/bar_manager.py:92]: Stopping SystemEventListener...
2025-10-30 23:36:50,395 [INFO] [MainThread] [root/bar_manager.py:92]: Stopping WindowsNotificationEventListener...
2025-10-30 23:36:50,402 [DEBUG] [MainThread] [qasync._windows._EventPoller/_windows.py:220]: Stopping worker thread...
2025-10-30 23:36:50,404 [DEBUG] [Dummy-6] [qasync._windows._EventWorker/_windows.py:204]: Exiting thread
2025-10-30 23:36:50,405 [DEBUG] [MainThread] [qasync._windows._IocpProactor/_windows.py:78]: Closing
2025-10-30 23:36:50,547 [INFO] [MainThread] [root/main.py:73]: Previous instance exited, continuing startup.
2025-10-30 23:36:50,675 [DEBUG] [MainThread] [tzlocal/win32.py:55]: Looking up time zone info from registry
2025-10-30 23:36:50,755 [DEBUG] [MainThread] [comtypes/__init__.py:149]: CoInitializeEx(None, 2)
2025-10-30 23:36:50,862 [ERROR] [MainThread] [root/weather.py:59]: API key or location is missing. Please provide a valid API key and location.
2025-10-30 23:36:51,295 [ERROR] [MainThread] [root/weather.py:59]: API key or location is missing. Please provide a valid API key and location.
2025-10-30 23:36:51,402 [ERROR] [MainThread] [root/weather.py:59]: API key or location is missing. Please provide a valid API key and location.
2025-10-30 23:36:51,425 [INFO] [MainThread] [root/bar_manager.py:85]: Starting SystemEventListener...
2025-10-30 23:36:51,425 [INFO] [MainThread] [root/bar_manager.py:85]: Starting WindowsNotificationEventListener...
2025-10-30 23:36:51,430 [INFO] [MainThread] [root/watcher.py:54]: Created file watcher for path C:\Users\8eber\.config\yasb
2025-10-30 23:36:51,499 [DEBUG] [MainThread] [qasync._windows._EventPoller/_windows.py:215]: Starting (proactor: <_IocpProactor overlapped#=0 result#=0>)...
2025-10-30 23:36:51,499 [DEBUG] [Dummy-6] [qasync._windows._EventWorker/_windows.py:195]: Thread started
2025-10-30 23:38:44,488 [INFO] [MainThread] [root/controller.py:15]: Reloading Application because of config change.
2025-10-30 23:38:44,595 [INFO] [MainThread] [cli_server/cli_server.py:112]: Log pipe server stopped
2025-10-30 23:38:44,595 [DEBUG] [MainThread] [cli_server/cli_server.py:206]: CLI server stopped
2025-10-30 23:38:44,598 [INFO] [MainThread] [root/bar_manager.py:76]: Successfully loaded updated config and re-initialised all bars.
2025-10-30 23:38:44,791 [INFO] [MainThread] [root/log.py:59]: YASB v1.8.3
2025-10-30 23:38:44,791 [INFO] [Thread-1 (_run_server)] [cli_server/cli_server.py:212]: CLI server started v1.1.2
2025-10-30 23:38:44,791 [INFO] [MainThread] [cli_server/cli_server.py:104]: Log pipe server started
2025-10-30 23:38:44,791 [INFO] [MainThread] [root/main.py:47]: Waiting for previous YASB instance to exit...
2025-10-30 23:38:45,158 [INFO] [MainThread] [root/bar_manager.py:92]: Stopping SystemEventListener...
2025-10-30 23:38:45,158 [INFO] [MainThread] [root/bar_manager.py:92]: Stopping WindowsNotificationEventListener...
2025-10-30 23:38:45,165 [DEBUG] [MainThread] [qasync._windows._EventPoller/_windows.py:220]: Stopping worker thread...
2025-10-30 23:38:45,171 [DEBUG] [Dummy-6] [qasync._windows._EventWorker/_windows.py:204]: Exiting thread
2025-10-30 23:38:45,171 [DEBUG] [MainThread] [qasync._windows._IocpProactor/_windows.py:78]: Closing
2025-10-30 23:38:45,297 [INFO] [MainThread] [root/main.py:73]: Previous instance exited, continuing startup.
2025-10-30 23:38:45,495 [DEBUG] [MainThread] [tzlocal/win32.py:55]: Looking up time zone info from registry
2025-10-30 23:38:45,575 [DEBUG] [MainThread] [comtypes/__init__.py:149]: CoInitializeEx(None, 2)
2025-10-30 23:38:45,682 [ERROR] [MainThread] [root/weather.py:59]: API key or location is missing. Please provide a valid API key and location.
2025-10-30 23:38:46,069 [ERROR] [MainThread] [root/weather.py:59]: API key or location is missing. Please provide a valid API key and location.
2025-10-30 23:38:46,169 [ERROR] [MainThread] [root/weather.py:59]: API key or location is missing. Please provide a valid API key and location.
2025-10-30 23:38:46,195 [INFO] [MainThread] [root/bar_manager.py:85]: Starting WindowsNotificationEventListener...
2025-10-30 23:38:46,195 [INFO] [MainThread] [root/bar_manager.py:85]: Starting SystemEventListener...
2025-10-30 23:38:46,195 [INFO] [MainThread] [root/watcher.py:54]: Created file watcher for path C:\Users\8eber\.config\yasb
2025-10-30 23:38:46,267 [DEBUG] [MainThread] [qasync._windows._EventPoller/_windows.py:215]: Starting (proactor: <_IocpProactor overlapped#=0 result#=0>)...
2025-10-30 23:38:46,267 [DEBUG] [Dummy-6] [qasync._windows._EventWorker/_windows.py:195]: Thread started
2025-10-30 23:39:47,335 [INFO] [MainThread] [root/controller.py:15]: Reloading Application because of config change.
2025-10-30 23:39:47,445 [INFO] [MainThread] [cli_server/cli_server.py:112]: Log pipe server stopped
2025-10-30 23:39:47,445 [DEBUG] [MainThread] [cli_server/cli_server.py:206]: CLI server stopped
2025-10-30 23:39:47,447 [INFO] [MainThread] [root/bar_manager.py:76]: Successfully loaded updated config and re-initialised all bars.
2025-10-30 23:39:47,636 [INFO] [MainThread] [root/log.py:59]: YASB v1.8.3
2025-10-30 23:39:47,636 [INFO] [Thread-1 (_run_server)] [cli_server/cli_server.py:212]: CLI server started v1.1.2
2025-10-30 23:39:47,636 [INFO] [MainThread] [cli_server/cli_server.py:104]: Log pipe server started
2025-10-30 23:39:47,636 [INFO] [MainThread] [root/main.py:47]: Waiting for previous YASB instance to exit...
2025-10-30 23:39:48,003 [INFO] [MainThread] [root/bar_manager.py:92]: Stopping WindowsNotificationEventListener...
2025-10-30 23:39:48,003 [INFO] [MainThread] [root/bar_manager.py:92]: Stopping SystemEventListener...
2025-10-30 23:39:48,011 [DEBUG] [MainThread] [qasync._windows._EventPoller/_windows.py:220]: Stopping worker thread...
2025-10-30 23:39:48,023 [DEBUG] [Dummy-6] [qasync._windows._EventWorker/_windows.py:204]: Exiting thread
2025-10-30 23:39:48,023 [DEBUG] [MainThread] [qasync._windows._IocpProactor/_windows.py:78]: Closing
2025-10-30 23:39:48,143 [INFO] [MainThread] [root/main.py:73]: Previous instance exited, continuing startup.
2025-10-30 23:39:48,275 [DEBUG] [MainThread] [tzlocal/win32.py:55]: Looking up time zone info from registry
2025-10-30 23:39:48,355 [DEBUG] [MainThread] [comtypes/__init__.py:149]: CoInitializeEx(None, 2)
2025-10-30 23:39:48,467 [ERROR] [MainThread] [root/weather.py:59]: API key or location is missing. Please provide a valid API key and location.
2025-10-30 23:39:48,815 [ERROR] [MainThread] [root/weather.py:59]: API key or location is missing. Please provide a valid API key and location.
2025-10-30 23:39:48,925 [ERROR] [MainThread] [root/weather.py:59]: API key or location is missing. Please provide a valid API key and location.
2025-10-30 23:39:48,953 [INFO] [MainThread] [root/bar_manager.py:85]: Starting SystemEventListener...
2025-10-30 23:39:48,953 [INFO] [MainThread] [root/bar_manager.py:85]: Starting WindowsNotificationEventListener...
2025-10-30 23:39:48,953 [INFO] [MainThread] [root/watcher.py:54]: Created file watcher for path C:\Users\8eber\.config\yasb
2025-10-30 23:39:49,015 [DEBUG] [MainThread] [qasync._windows._EventPoller/_windows.py:215]: Starting (proactor: <_IocpProactor overlapped#=0 result#=0>)...
2025-10-30 23:39:49,015 [DEBUG] [Dummy-6] [qasync._windows._EventWorker/_windows.py:195]: Thread started
2025-10-30 23:40:13,601 [INFO] [MainThread] [root/controller.py:15]: Reloading Application because of config change.
2025-10-30 23:40:13,704 [INFO] [MainThread] [cli_server/cli_server.py:112]: Log pipe server stopped
2025-10-30 23:40:13,704 [DEBUG] [MainThread] [cli_server/cli_server.py:206]: CLI server stopped
2025-10-30 23:40:13,705 [INFO] [MainThread] [root/bar_manager.py:76]: Successfully loaded updated config and re-initialised all bars.
2025-10-30 23:40:13,901 [INFO] [MainThread] [root/log.py:59]: YASB v1.8.3
2025-10-30 23:40:13,901 [INFO] [Thread-1 (_run_server)] [cli_server/cli_server.py:212]: CLI server started v1.1.2
2025-10-30 23:40:13,902 [INFO] [MainThread] [cli_server/cli_server.py:104]: Log pipe server started
2025-10-30 23:40:13,902 [INFO] [MainThread] [root/main.py:47]: Waiting for previous YASB instance to exit...
2025-10-30 23:40:14,235 [INFO] [MainThread] [root/bar_manager.py:92]: Stopping SystemEventListener...
2025-10-30 23:40:14,235 [INFO] [MainThread] [root/bar_manager.py:92]: Stopping WindowsNotificationEventListener...
2025-10-30 23:40:14,241 [DEBUG] [MainThread] [qasync._windows._EventPoller/_windows.py:220]: Stopping worker thread...
2025-10-30 23:40:14,245 [DEBUG] [Dummy-6] [qasync._windows._EventWorker/_windows.py:204]: Exiting thread
2025-10-30 23:40:14,245 [DEBUG] [MainThread] [qasync._windows._IocpProactor/_windows.py:78]: Closing
2025-10-30 23:40:14,403 [INFO] [MainThread] [root/main.py:73]: Previous instance exited, continuing startup.
2025-10-30 23:40:14,581 [DEBUG] [MainThread] [tzlocal/win32.py:55]: Looking up time zone info from registry
2025-10-30 23:40:14,662 [DEBUG] [MainThread] [comtypes/__init__.py:149]: CoInitializeEx(None, 2)
2025-10-30 23:40:14,769 [ERROR] [MainThread] [root/weather.py:59]: API key or location is missing. Please provide a valid API key and location.
2025-10-30 23:40:15,191 [ERROR] [MainThread] [root/weather.py:59]: API key or location is missing. Please provide a valid API key and location.
2025-10-30 23:40:15,289 [ERROR] [MainThread] [root/weather.py:59]: API key or location is missing. Please provide a valid API key and location.
2025-10-30 23:40:15,322 [INFO] [MainThread] [root/bar_manager.py:85]: Starting WindowsNotificationEventListener...
2025-10-30 23:40:15,322 [INFO] [MainThread] [root/bar_manager.py:85]: Starting SystemEventListener...
2025-10-30 23:40:15,322 [INFO] [MainThread] [root/watcher.py:54]: Created file watcher for path C:\Users\8eber\.config\yasb
2025-10-30 23:40:15,387 [DEBUG] [MainThread] [qasync._windows._EventPoller/_windows.py:215]: Starting (proactor: <_IocpProactor overlapped#=0 result#=0>)...
2025-10-30 23:40:15,397 [DEBUG] [Dummy-6] [qasync._windows._EventWorker/_windows.py:195]: Thread started
2025-10-30 23:40:37,996 [INFO] [MainThread] [root/controller.py:15]: Reloading Application because of config change.
2025-10-30 23:40:38,109 [INFO] [MainThread] [cli_server/cli_server.py:112]: Log pipe server stopped
2025-10-30 23:40:38,109 [DEBUG] [MainThread] [cli_server/cli_server.py:206]: CLI server stopped
2025-10-30 23:40:38,112 [INFO] [MainThread] [root/bar_manager.py:76]: Successfully loaded updated config and re-initialised all bars.
2025-10-30 23:40:38,320 [INFO] [MainThread] [root/log.py:59]: YASB v1.8.3
2025-10-30 23:40:38,321 [INFO] [Thread-1 (_run_server)] [cli_server/cli_server.py:212]: CLI server started v1.1.2
2025-10-30 23:40:38,321 [INFO] [MainThread] [cli_server/cli_server.py:104]: Log pipe server started
2025-10-30 23:40:38,321 [INFO] [MainThread] [root/main.py:47]: Waiting for previous YASB instance to exit...
2025-10-30 23:40:38,654 [INFO] [MainThread] [root/bar_manager.py:92]: Stopping WindowsNotificationEventListener...
2025-10-30 23:40:38,654 [INFO] [MainThread] [root/bar_manager.py:92]: Stopping SystemEventListener...
2025-10-30 23:40:38,661 [DEBUG] [MainThread] [qasync._windows._EventPoller/_windows.py:220]: Stopping worker thread...
2025-10-30 23:40:38,673 [DEBUG] [Dummy-6] [qasync._windows._EventWorker/_windows.py:204]: Exiting thread
2025-10-30 23:40:38,674 [DEBUG] [MainThread] [qasync._windows._IocpProactor/_windows.py:78]: Closing
2025-10-30 23:40:38,823 [INFO] [MainThread] [root/main.py:73]: Previous instance exited, continuing startup.
2025-10-30 23:40:38,995 [DEBUG] [MainThread] [tzlocal/win32.py:55]: Looking up time zone info from registry
2025-10-30 23:40:39,078 [DEBUG] [MainThread] [comtypes/__init__.py:149]: CoInitializeEx(None, 2)
2025-10-30 23:40:39,184 [ERROR] [MainThread] [root/weather.py:59]: API key or location is missing. Please provide a valid API key and location.
2025-10-30 23:40:39,570 [ERROR] [MainThread] [root/weather.py:59]: API key or location is missing. Please provide a valid API key and location.
2025-10-30 23:40:39,686 [ERROR] [MainThread] [root/weather.py:59]: API key or location is missing. Please provide a valid API key and location.
2025-10-30 23:40:39,718 [INFO] [MainThread] [root/bar_manager.py:85]: Starting SystemEventListener...
2025-10-30 23:40:39,718 [INFO] [MainThread] [root/bar_manager.py:85]: Starting WindowsNotificationEventListener...
2025-10-30 23:40:39,719 [INFO] [MainThread] [root/watcher.py:54]: Created file watcher for path C:\Users\8eber\.config\yasb
2025-10-30 23:40:39,783 [DEBUG] [MainThread] [qasync._windows._EventPoller/_windows.py:215]: Starting (proactor: <_IocpProactor overlapped#=0 result#=0>)...
2025-10-30 23:40:39,784 [DEBUG] [Dummy-6] [qasync._windows._EventWorker/_windows.py:195]: Thread started
2025-10-30 23:41:13,098 [INFO] [MainThread] [root/controller.py:15]: Reloading Application because of config change.
2025-10-30 23:41:13,205 [INFO] [MainThread] [cli_server/cli_server.py:112]: Log pipe server stopped
2025-10-30 23:41:13,205 [DEBUG] [MainThread] [cli_server/cli_server.py:206]: CLI server stopped
2025-10-30 23:41:13,205 [INFO] [MainThread] [root/bar_manager.py:76]: Successfully loaded updated config and re-initialised all bars.
2025-10-30 23:41:13,398 [INFO] [MainThread] [root/log.py:59]: YASB v1.8.3
2025-10-30 23:41:13,398 [INFO] [Thread-1 (_run_server)] [cli_server/cli_server.py:212]: CLI server started v1.1.2
2025-10-30 23:41:13,398 [INFO] [MainThread] [cli_server/cli_server.py:104]: Log pipe server started
2025-10-30 23:41:13,398 [INFO] [MainThread] [root/main.py:47]: Waiting for previous YASB instance to exit...
2025-10-30 23:41:13,765 [INFO] [MainThread] [root/bar_manager.py:92]: Stopping SystemEventListener...
2025-10-30 23:41:13,765 [INFO] [MainThread] [root/bar_manager.py:92]: Stopping WindowsNotificationEventListener...
2025-10-30 23:41:13,767 [DEBUG] [MainThread] [qasync._windows._EventPoller/_windows.py:220]: Stopping worker thread...
2025-10-30 23:41:13,783 [DEBUG] [Dummy-6] [qasync._windows._EventWorker/_windows.py:204]: Exiting thread
2025-10-30 23:41:13,784 [DEBUG] [MainThread] [qasync._windows._IocpProactor/_windows.py:78]: Closing
2025-10-30 23:41:13,904 [INFO] [MainThread] [root/main.py:73]: Previous instance exited, continuing startup.
2025-10-30 23:41:14,058 [DEBUG] [MainThread] [tzlocal/win32.py:55]: Looking up time zone info from registry
2025-10-30 23:41:14,145 [DEBUG] [MainThread] [comtypes/__init__.py:149]: CoInitializeEx(None, 2)
2025-10-30 23:41:14,249 [ERROR] [MainThread] [root/weather.py:59]: API key or location is missing. Please provide a valid API key and location.
2025-10-30 23:41:14,645 [ERROR] [MainThread] [root/weather.py:59]: API key or location is missing. Please provide a valid API key and location.
2025-10-30 23:41:14,745 [ERROR] [MainThread] [root/weather.py:59]: API key or location is missing. Please provide a valid API key and location.
2025-10-30 23:41:14,775 [INFO] [MainThread] [root/bar_manager.py:85]: Starting WindowsNotificationEventListener...
2025-10-30 23:41:14,775 [INFO] [MainThread] [root/bar_manager.py:85]: Starting SystemEventListener...
2025-10-30 23:41:14,778 [INFO] [MainThread] [root/watcher.py:54]: Created file watcher for path C:\Users\8eber\.config\yasb
2025-10-30 23:41:14,837 [DEBUG] [MainThread] [qasync._windows._EventPoller/_windows.py:215]: Starting (proactor: <_IocpProactor overlapped#=0 result#=0>)...
2025-10-30 23:41:14,837 [DEBUG] [Dummy-6] [qasync._windows._EventWorker/_windows.py:195]: Thread started
2025-10-30 23:41:33,220 [INFO] [MainThread] [root/controller.py:15]: Reloading Application because of config change.
2025-10-30 23:41:33,334 [INFO] [MainThread] [cli_server/cli_server.py:112]: Log pipe server stopped
2025-10-30 23:41:33,334 [DEBUG] [MainThread] [cli_server/cli_server.py:206]: CLI server stopped
2025-10-30 23:41:33,338 [INFO] [MainThread] [root/bar_manager.py:76]: Successfully loaded updated config and re-initialised all bars.
2025-10-30 23:41:33,525 [INFO] [MainThread] [root/log.py:59]: YASB v1.8.3
2025-10-30 23:41:33,525 [INFO] [Thread-1 (_run_server)] [cli_server/cli_server.py:212]: CLI server started v1.1.2
2025-10-30 23:41:33,525 [INFO] [MainThread] [cli_server/cli_server.py:104]: Log pipe server started
2025-10-30 23:41:33,525 [INFO] [MainThread] [root/main.py:47]: Waiting for previous YASB instance to exit...
2025-10-30 23:41:33,850 [INFO] [MainThread] [root/bar_manager.py:92]: Stopping WindowsNotificationEventListener...
2025-10-30 23:41:33,850 [INFO] [MainThread] [root/bar_manager.py:92]: Stopping SystemEventListener...
2025-10-30 23:41:33,865 [DEBUG] [MainThread] [qasync._windows._EventPoller/_windows.py:220]: Stopping worker thread...
2025-10-30 23:41:33,883 [DEBUG] [Dummy-6] [qasync._windows._EventWorker/_windows.py:204]: Exiting thread
2025-10-30 23:41:33,885 [DEBUG] [MainThread] [qasync._windows._IocpProactor/_windows.py:78]: Closing
2025-10-30 23:41:34,027 [INFO] [MainThread] [root/main.py:73]: Previous instance exited, continuing startup.
2025-10-30 23:41:34,137 [DEBUG] [MainThread] [tzlocal/win32.py:55]: Looking up time zone info from registry
2025-10-30 23:41:34,205 [DEBUG] [MainThread] [comtypes/__init__.py:149]: CoInitializeEx(None, 2)
2025-10-30 23:41:34,329 [ERROR] [MainThread] [root/weather.py:59]: API key or location is missing. Please provide a valid API key and location.
2025-10-30 23:41:34,725 [ERROR] [MainThread] [root/weather.py:59]: API key or location is missing. Please provide a valid API key and location.
2025-10-30 23:41:34,829 [ERROR] [MainThread] [root/weather.py:59]: API key or location is missing. Please provide a valid API key and location.
2025-10-30 23:41:34,855 [INFO] [MainThread] [root/bar_manager.py:85]: Starting WindowsNotificationEventListener...
2025-10-30 23:41:34,855 [INFO] [MainThread] [root/bar_manager.py:85]: Starting SystemEventListener...
2025-10-30 23:41:34,855 [INFO] [MainThread] [root/watcher.py:54]: Created file watcher for path C:\Users\8eber\.config\yasb
2025-10-30 23:41:34,947 [DEBUG] [MainThread] [qasync._windows._EventPoller/_windows.py:215]: Starting (proactor: <_IocpProactor overlapped#=0 result#=0>)...
2025-10-30 23:41:34,950 [DEBUG] [Dummy-6] [qasync._windows._EventWorker/_windows.py:195]: Thread started
2025-10-30 23:42:30,599 [INFO] [MainThread] [root/controller.py:15]: Reloading Application because of config change.
2025-10-30 23:42:30,705 [INFO] [MainThread] [cli_server/cli_server.py:112]: Log pipe server stopped
2025-10-30 23:42:30,705 [DEBUG] [MainThread] [cli_server/cli_server.py:206]: CLI server stopped
2025-10-30 23:42:30,705 [INFO] [MainThread] [root/bar_manager.py:76]: Successfully loaded updated config and re-initialised all bars.
2025-10-30 23:42:30,900 [INFO] [MainThread] [root/log.py:59]: YASB v1.8.3
2025-10-30 23:42:30,900 [INFO] [Thread-1 (_run_server)] [cli_server/cli_server.py:212]: CLI server started v1.1.2
2025-10-30 23:42:30,900 [INFO] [MainThread] [cli_server/cli_server.py:104]: Log pipe server started
2025-10-30 23:42:30,900 [INFO] [MainThread] [root/main.py:47]: Waiting for previous YASB instance to exit...
2025-10-30 23:42:31,260 [INFO] [MainThread] [root/bar_manager.py:92]: Stopping WindowsNotificationEventListener...
2025-10-30 23:42:31,265 [INFO] [MainThread] [root/bar_manager.py:92]: Stopping SystemEventListener...
2025-10-30 23:42:31,268 [DEBUG] [MainThread] [qasync._windows._EventPoller/_windows.py:220]: Stopping worker thread...
2025-10-30 23:42:31,284 [DEBUG] [Dummy-6] [qasync._windows._EventWorker/_windows.py:204]: Exiting thread
2025-10-30 23:42:31,285 [DEBUG] [MainThread] [qasync._windows._IocpProactor/_windows.py:78]: Closing
2025-10-30 23:42:31,406 [INFO] [MainThread] [root/main.py:73]: Previous instance exited, continuing startup.
2025-10-30 23:42:31,546 [DEBUG] [MainThread] [tzlocal/win32.py:55]: Looking up time zone info from registry
2025-10-30 23:42:31,585 [DEBUG] [MainThread] [comtypes/__init__.py:149]: CoInitializeEx(None, 2)
2025-10-30 23:42:31,690 [ERROR] [MainThread] [root/weather.py:59]: API key or location is missing. Please provide a valid API key and location.
2025-10-30 23:42:32,070 [ERROR] [MainThread] [root/weather.py:59]: API key or location is missing. Please provide a valid API key and location.
2025-10-30 23:42:32,169 [ERROR] [MainThread] [root/weather.py:59]: API key or location is missing. Please provide a valid API key and location.
2025-10-30 23:42:32,216 [INFO] [MainThread] [root/bar_manager.py:85]: Starting WindowsNotificationEventListener...
2025-10-30 23:42:32,216 [INFO] [MainThread] [root/bar_manager.py:85]: Starting SystemEventListener...
2025-10-30 23:42:32,216 [INFO] [MainThread] [root/watcher.py:54]: Created file watcher for path C:\Users\8eber\.config\yasb
2025-10-30 23:42:32,266 [DEBUG] [MainThread] [qasync._windows._EventPoller/_windows.py:215]: Starting (proactor: <_IocpProactor overlapped#=0 result#=0>)...
2025-10-30 23:42:32,266 [DEBUG] [Dummy-6] [qasync._windows._EventWorker/_windows.py:195]: Thread started
2025-10-30 23:42:45,091 [INFO] [MainThread] [root/controller.py:15]: Reloading Application because of config change.
2025-10-30 23:42:45,204 [INFO] [MainThread] [cli_server/cli_server.py:112]: Log pipe server stopped
2025-10-30 23:42:45,204 [DEBUG] [MainThread] [cli_server/cli_server.py:206]: CLI server stopped
2025-10-30 23:42:45,206 [INFO] [MainThread] [root/bar_manager.py:76]: Successfully loaded updated config and re-initialised all bars.
2025-10-30 23:42:45,396 [INFO] [MainThread] [root/log.py:59]: YASB v1.8.3
2025-10-30 23:42:45,399 [INFO] [Thread-1 (_run_server)] [cli_server/cli_server.py:212]: CLI server started v1.1.2
2025-10-30 23:42:45,399 [INFO] [MainThread] [cli_server/cli_server.py:104]: Log pipe server started
2025-10-30 23:42:45,399 [INFO] [MainThread] [root/main.py:47]: Waiting for previous YASB instance to exit...
2025-10-30 23:42:45,745 [INFO] [MainThread] [root/bar_manager.py:92]: Stopping WindowsNotificationEventListener...
2025-10-30 23:42:45,745 [INFO] [MainThread] [root/bar_manager.py:92]: Stopping SystemEventListener...
2025-10-30 23:42:45,750 [DEBUG] [MainThread] [qasync._windows._EventPoller/_windows.py:220]: Stopping worker thread...
2025-10-30 23:42:45,766 [DEBUG] [Dummy-6] [qasync._windows._EventWorker/_windows.py:204]: Exiting thread
2025-10-30 23:42:45,766 [DEBUG] [MainThread] [qasync._windows._IocpProactor/_windows.py:78]: Closing
2025-10-30 23:42:45,900 [INFO] [MainThread] [root/main.py:73]: Previous instance exited, continuing startup.
2025-10-30 23:42:46,037 [DEBUG] [MainThread] [tzlocal/win32.py:55]: Looking up time zone info from registry
2025-10-30 23:42:46,117 [DEBUG] [MainThread] [comtypes/__init__.py:149]: CoInitializeEx(None, 2)
2025-10-30 23:42:46,208 [ERROR] [MainThread] [root/weather.py:59]: API key or location is missing. Please provide a valid API key and location.
2025-10-30 23:42:46,586 [ERROR] [MainThread] [root/weather.py:59]: API key or location is missing. Please provide a valid API key and location.
2025-10-30 23:42:46,677 [ERROR] [MainThread] [root/weather.py:59]: API key or location is missing. Please provide a valid API key and location.
2025-10-30 23:42:46,710 [INFO] [MainThread] [root/bar_manager.py:85]: Starting WindowsNotificationEventListener...
2025-10-30 23:42:46,710 [INFO] [MainThread] [root/bar_manager.py:85]: Starting SystemEventListener...
2025-10-30 23:42:46,710 [INFO] [MainThread] [root/watcher.py:54]: Created file watcher for path C:\Users\8eber\.config\yasb
2025-10-30 23:42:46,776 [DEBUG] [MainThread] [qasync._windows._EventPoller/_windows.py:215]: Starting (proactor: <_IocpProactor overlapped#=0 result#=0>)...
2025-10-30 23:42:46,776 [DEBUG] [Dummy-6] [qasync._windows._EventWorker/_windows.py:195]: Thread started
2025-10-30 23:53:47,495 [INFO] [MainThread] [root/controller.py:15]: Reloading Application because of config change.
2025-10-30 23:53:47,600 [INFO] [MainThread] [cli_server/cli_server.py:112]: Log pipe server stopped
2025-10-30 23:53:47,600 [DEBUG] [MainThread] [cli_server/cli_server.py:206]: CLI server stopped
2025-10-30 23:53:47,603 [INFO] [MainThread] [root/bar_manager.py:76]: Successfully loaded updated config and re-initialised all bars.
2025-10-30 23:53:47,797 [INFO] [MainThread] [root/log.py:59]: YASB v1.8.3
2025-10-30 23:53:47,797 [INFO] [Thread-1 (_run_server)] [cli_server/cli_server.py:212]: CLI server started v1.1.2
2025-10-30 23:53:47,797 [INFO] [MainThread] [cli_server/cli_server.py:104]: Log pipe server started
2025-10-30 23:53:47,797 [INFO] [MainThread] [root/main.py:47]: Waiting for previous YASB instance to exit...
2025-10-30 23:53:48,186 [INFO] [MainThread] [root/bar_manager.py:92]: Stopping WindowsNotificationEventListener...
2025-10-30 23:53:48,186 [INFO] [MainThread] [root/bar_manager.py:92]: Stopping SystemEventListener...
2025-10-30 23:53:48,194 [DEBUG] [MainThread] [qasync._windows._EventPoller/_windows.py:220]: Stopping worker thread...
2025-10-30 23:53:48,210 [DEBUG] [Dummy-6] [qasync._windows._EventWorker/_windows.py:204]: Exiting thread
2025-10-30 23:53:48,210 [DEBUG] [MainThread] [qasync._windows._IocpProactor/_windows.py:78]: Closing
2025-10-30 23:53:48,299 [INFO] [MainThread] [root/main.py:73]: Previous instance exited, continuing startup.
2025-10-30 23:53:48,452 [DEBUG] [MainThread] [tzlocal/win32.py:55]: Looking up time zone info from registry
2025-10-30 23:53:48,504 [DEBUG] [MainThread] [comtypes/__init__.py:149]: CoInitializeEx(None, 2)
2025-10-30 23:53:48,643 [ERROR] [MainThread] [root/weather.py:59]: API key or location is missing. Please provide a valid API key and location.
2025-10-30 23:53:49,021 [ERROR] [MainThread] [root/weather.py:59]: API key or location is missing. Please provide a valid API key and location.
2025-10-30 23:53:49,136 [ERROR] [MainThread] [root/weather.py:59]: API key or location is missing. Please provide a valid API key and location.
2025-10-30 23:53:49,190 [INFO] [MainThread] [root/bar_manager.py:85]: Starting SystemEventListener...
2025-10-30 23:53:49,190 [INFO] [MainThread] [root/bar_manager.py:85]: Starting WindowsNotificationEventListener...
2025-10-30 23:53:49,190 [INFO] [MainThread] [root/watcher.py:54]: Created file watcher for path C:\Users\8eber\.config\yasb
2025-10-30 23:53:49,250 [DEBUG] [MainThread] [qasync._windows._EventPoller/_windows.py:215]: Starting (proactor: <_IocpProactor overlapped#=0 result#=0>)...
2025-10-30 23:53:49,250 [DEBUG] [Dummy-6] [qasync._windows._EventWorker/_windows.py:195]: Thread started
2025-10-30 23:53:56,643 [INFO] [MainThread] [root/controller.py:15]: Reloading Application because of config change.
2025-10-30 23:53:56,745 [INFO] [MainThread] [cli_server/cli_server.py:112]: Log pipe server stopped
2025-10-30 23:53:56,745 [DEBUG] [MainThread] [cli_server/cli_server.py:206]: CLI server stopped
2025-10-30 23:53:56,745 [INFO] [MainThread] [root/bar_manager.py:76]: Successfully loaded updated config and re-initialised all bars.
2025-10-30 23:53:56,939 [INFO] [MainThread] [root/log.py:59]: YASB v1.8.3
2025-10-30 23:53:56,939 [INFO] [Thread-1 (_run_server)] [cli_server/cli_server.py:212]: CLI server started v1.1.2
2025-10-30 23:53:56,939 [INFO] [MainThread] [cli_server/cli_server.py:104]: Log pipe server started
2025-10-30 23:53:56,939 [INFO] [MainThread] [root/main.py:47]: Waiting for previous YASB instance to exit...
2025-10-30 23:53:57,309 [INFO] [MainThread] [root/bar_manager.py:92]: Stopping SystemEventListener...
2025-10-30 23:53:57,309 [INFO] [MainThread] [root/bar_manager.py:92]: Stopping WindowsNotificationEventListener...
2025-10-30 23:53:57,316 [DEBUG] [MainThread] [qasync._windows._EventPoller/_windows.py:220]: Stopping worker thread...
2025-10-30 23:53:57,324 [DEBUG] [Dummy-6] [qasync._windows._EventWorker/_windows.py:204]: Exiting thread
2025-10-30 23:53:57,324 [DEBUG] [MainThread] [qasync._windows._IocpProactor/_windows.py:78]: Closing
2025-10-30 23:53:57,442 [INFO] [MainThread] [root/main.py:73]: Previous instance exited, continuing startup.
2025-10-30 23:53:57,594 [DEBUG] [MainThread] [tzlocal/win32.py:55]: Looking up time zone info from registry
2025-10-30 23:53:57,680 [DEBUG] [MainThread] [comtypes/__init__.py:149]: CoInitializeEx(None, 2)
2025-10-30 23:53:57,810 [ERROR] [MainThread] [root/weather.py:59]: API key or location is missing. Please provide a valid API key and location.
2025-10-30 23:53:58,209 [ERROR] [MainThread] [root/weather.py:59]: API key or location is missing. Please provide a valid API key and location.
2025-10-30 23:53:58,323 [ERROR] [MainThread] [root/weather.py:59]: API key or location is missing. Please provide a valid API key and location.
2025-10-30 23:53:58,356 [INFO] [MainThread] [root/bar_manager.py:85]: Starting SystemEventListener...
2025-10-30 23:53:58,356 [INFO] [MainThread] [root/bar_manager.py:85]: Starting WindowsNotificationEventListener...
2025-10-30 23:53:58,359 [INFO] [MainThread] [root/watcher.py:54]: Created file watcher for path C:\Users\8eber\.config\yasb
2025-10-30 23:53:58,443 [DEBUG] [MainThread] [qasync._windows._EventPoller/_windows.py:215]: Starting (proactor: <_IocpProactor overlapped#=0 result#=0>)...
2025-10-30 23:53:58,443 [DEBUG] [Dummy-6] [qasync._windows._EventWorker/_windows.py:195]: Thread started
2025-10-30 23:54:35,550 [INFO] [MainThread] [root/controller.py:15]: Reloading Application because of config change.
2025-10-30 23:54:35,651 [INFO] [MainThread] [cli_server/cli_server.py:112]: Log pipe server stopped
2025-10-30 23:54:35,651 [DEBUG] [MainThread] [cli_server/cli_server.py:206]: CLI server stopped
2025-10-30 23:54:35,651 [INFO] [MainThread] [root/bar_manager.py:76]: Successfully loaded updated config and re-initialised all bars.
2025-10-30 23:54:35,850 [INFO] [MainThread] [root/log.py:59]: YASB v1.8.3
2025-10-30 23:54:35,850 [INFO] [Thread-1 (_run_server)] [cli_server/cli_server.py:212]: CLI server started v1.1.2
2025-10-30 23:54:35,850 [INFO] [MainThread] [cli_server/cli_server.py:104]: Log pipe server started
2025-10-30 23:54:35,850 [INFO] [MainThread] [root/main.py:47]: Waiting for previous YASB instance to exit...
2025-10-30 23:54:36,211 [INFO] [MainThread] [root/bar_manager.py:92]: Stopping SystemEventListener...
2025-10-30 23:54:36,211 [INFO] [MainThread] [root/bar_manager.py:92]: Stopping WindowsNotificationEventListener...
2025-10-30 23:54:36,222 [DEBUG] [MainThread] [qasync._windows._EventPoller/_windows.py:220]: Stopping worker thread...
2025-10-30 23:54:36,230 [DEBUG] [Dummy-6] [qasync._windows._EventWorker/_windows.py:204]: Exiting thread
2025-10-30 23:54:36,230 [DEBUG] [MainThread] [qasync._windows._IocpProactor/_windows.py:78]: Closing
2025-10-30 23:54:36,353 [INFO] [MainThread] [root/main.py:73]: Previous instance exited, continuing startup.
2025-10-30 23:54:36,535 [DEBUG] [MainThread] [tzlocal/win32.py:55]: Looking up time zone info from registry
2025-10-30 23:54:36,610 [DEBUG] [MainThread] [comtypes/__init__.py:149]: CoInitializeEx(None, 2)
2025-10-30 23:54:36,715 [ERROR] [MainThread] [root/weather.py:59]: API key or location is missing. Please provide a valid API key and location.
2025-10-30 23:54:37,066 [ERROR] [MainThread] [root/weather.py:59]: API key or location is missing. Please provide a valid API key and location.
2025-10-30 23:54:37,164 [ERROR] [MainThread] [root/weather.py:59]: API key or location is missing. Please provide a valid API key and location.
2025-10-30 23:54:37,190 [INFO] [MainThread] [root/bar_manager.py:85]: Starting WindowsNotificationEventListener...
2025-10-30 23:54:37,190 [INFO] [MainThread] [root/bar_manager.py:85]: Starting SystemEventListener...
2025-10-30 23:54:37,190 [INFO] [MainThread] [root/watcher.py:54]: Created file watcher for path C:\Users\8eber\.config\yasb
2025-10-30 23:54:37,262 [DEBUG] [MainThread] [qasync._windows._EventPoller/_windows.py:215]: Starting (proactor: <_IocpProactor overlapped#=0 result#=0>)...
2025-10-30 23:54:37,262 [DEBUG] [Dummy-6] [qasync._windows._EventWorker/_windows.py:195]: Thread started
2025-10-31 00:02:28,071 [INFO] [MainThread] [root/controller.py:15]: Reloading Application because of config change.
2025-10-31 00:02:28,179 [INFO] [MainThread] [cli_server/cli_server.py:112]: Log pipe server stopped
2025-10-31 00:02:28,179 [DEBUG] [MainThread] [cli_server/cli_server.py:206]: CLI server stopped
2025-10-31 00:02:28,179 [INFO] [MainThread] [root/bar_manager.py:76]: Successfully loaded updated config and re-initialised all bars.
2025-10-31 00:02:28,400 [INFO] [MainThread] [root/log.py:59]: YASB v1.8.3
2025-10-31 00:02:28,400 [INFO] [Thread-1 (_run_server)] [cli_server/cli_server.py:212]: CLI server started v1.1.2
2025-10-31 00:02:28,400 [INFO] [MainThread] [cli_server/cli_server.py:104]: Log pipe server started
2025-10-31 00:02:28,400 [INFO] [MainThread] [root/main.py:47]: Waiting for previous YASB instance to exit...
2025-10-31 00:02:28,708 [INFO] [MainThread] [root/bar_manager.py:92]: Stopping WindowsNotificationEventListener...
2025-10-31 00:02:28,708 [INFO] [MainThread] [root/bar_manager.py:92]: Stopping SystemEventListener...
2025-10-31 00:02:28,717 [DEBUG] [MainThread] [qasync._windows._EventPoller/_windows.py:220]: Stopping worker thread...
2025-10-31 00:02:28,741 [DEBUG] [Dummy-6] [qasync._windows._EventWorker/_windows.py:204]: Exiting thread
2025-10-31 00:02:28,741 [DEBUG] [MainThread] [qasync._windows._IocpProactor/_windows.py:78]: Closing
2025-10-31 00:02:28,902 [INFO] [MainThread] [root/main.py:73]: Previous instance exited, continuing startup.
2025-10-31 00:02:29,043 [DEBUG] [MainThread] [tzlocal/win32.py:55]: Looking up time zone info from registry
2025-10-31 00:02:29,117 [DEBUG] [MainThread] [comtypes/__init__.py:149]: CoInitializeEx(None, 2)
2025-10-31 00:02:29,223 [ERROR] [MainThread] [root/weather.py:59]: API key or location is missing. Please provide a valid API key and location.
2025-10-31 00:02:29,565 [ERROR] [MainThread] [root/weather.py:59]: API key or location is missing. Please provide a valid API key and location.
2025-10-31 00:02:29,669 [ERROR] [MainThread] [root/weather.py:59]: API key or location is missing. Please provide a valid API key and location.
2025-10-31 00:02:29,695 [INFO] [MainThread] [root/bar_manager.py:85]: Starting WindowsNotificationEventListener...
2025-10-31 00:02:29,695 [INFO] [MainThread] [root/bar_manager.py:85]: Starting SystemEventListener...
2025-10-31 00:02:29,695 [INFO] [MainThread] [root/watcher.py:54]: Created file watcher for path C:\Users\8eber\.config\yasb
2025-10-31 00:02:29,770 [DEBUG] [MainThread] [qasync._windows._EventPoller/_windows.py:215]: Starting (proactor: <_IocpProactor overlapped#=0 result#=0>)...
2025-10-31 00:02:29,770 [DEBUG] [Dummy-6] [qasync._windows._EventWorker/_windows.py:195]: Thread started
2025-10-31 00:11:27,298 [INFO] [MainThread] [root/controller.py:15]: Reloading Application because of config change.
2025-10-31 00:11:27,403 [INFO] [MainThread] [cli_server/cli_server.py:112]: Log pipe server stopped
2025-10-31 00:11:27,403 [DEBUG] [MainThread] [cli_server/cli_server.py:206]: CLI server stopped
2025-10-31 00:11:27,403 [INFO] [MainThread] [root/bar_manager.py:76]: Successfully loaded updated config and re-initialised all bars.
2025-10-31 00:11:27,608 [INFO] [MainThread] [root/log.py:59]: YASB v1.8.3
2025-10-31 00:11:27,608 [INFO] [Thread-1 (_run_server)] [cli_server/cli_server.py:212]: CLI server started v1.1.2
2025-10-31 00:11:27,608 [INFO] [MainThread] [cli_server/cli_server.py:104]: Log pipe server started
2025-10-31 00:11:27,608 [INFO] [MainThread] [root/main.py:47]: Waiting for previous YASB instance to exit...
2025-10-31 00:11:27,951 [INFO] [MainThread] [root/bar_manager.py:92]: Stopping WindowsNotificationEventListener...
2025-10-31 00:11:27,951 [INFO] [MainThread] [root/bar_manager.py:92]: Stopping SystemEventListener...
2025-10-31 00:11:27,957 [DEBUG] [MainThread] [qasync._windows._EventPoller/_windows.py:220]: Stopping worker thread...
2025-10-31 00:11:27,973 [DEBUG] [Dummy-6] [qasync._windows._EventWorker/_windows.py:204]: Exiting thread
2025-10-31 00:11:27,973 [DEBUG] [MainThread] [qasync._windows._IocpProactor/_windows.py:78]: Closing
2025-10-31 00:11:28,116 [INFO] [MainThread] [root/main.py:73]: Previous instance exited, continuing startup.
2025-10-31 00:11:28,226 [DEBUG] [MainThread] [tzlocal/win32.py:55]: Looking up time zone info from registry
2025-10-31 00:11:28,312 [DEBUG] [MainThread] [comtypes/__init__.py:149]: CoInitializeEx(None, 2)
2025-10-31 00:11:28,432 [ERROR] [MainThread] [root/weather.py:59]: API key or location is missing. Please provide a valid API key and location.
2025-10-31 00:11:28,908 [ERROR] [MainThread] [root/weather.py:59]: API key or location is missing. Please provide a valid API key and location.
2025-10-31 00:11:29,013 [ERROR] [MainThread] [root/weather.py:59]: API key or location is missing. Please provide a valid API key and location.
2025-10-31 00:11:29,034 [INFO] [MainThread] [root/bar_manager.py:85]: Starting SystemEventListener...
2025-10-31 00:11:29,034 [INFO] [MainThread] [root/bar_manager.py:85]: Starting WindowsNotificationEventListener...
2025-10-31 00:11:29,034 [INFO] [MainThread] [root/watcher.py:54]: Created file watcher for path C:\Users\8eber\.config\yasb
2025-10-31 00:11:29,129 [DEBUG] [MainThread] [qasync._windows._EventPoller/_windows.py:215]: Starting (proactor: <_IocpProactor overlapped#=0 result#=0>)...
2025-10-31 00:11:29,129 [DEBUG] [Dummy-6] [qasync._windows._EventWorker/_windows.py:195]: Thread started
2025-10-31 00:11:50,612 [INFO] [MainThread] [root/controller.py:15]: Reloading Application because of config change.
2025-10-31 00:11:50,718 [INFO] [MainThread] [cli_server/cli_server.py:112]: Log pipe server stopped
2025-10-31 00:11:50,718 [DEBUG] [MainThread] [cli_server/cli_server.py:206]: CLI server stopped
2025-10-31 00:11:50,718 [INFO] [MainThread] [root/bar_manager.py:76]: Successfully loaded updated config and re-initialised all bars.
2025-10-31 00:11:50,904 [INFO] [MainThread] [root/log.py:59]: YASB v1.8.3
2025-10-31 00:11:50,904 [INFO] [Thread-1 (_run_server)] [cli_server/cli_server.py:212]: CLI server started v1.1.2
2025-10-31 00:11:50,904 [INFO] [MainThread] [cli_server/cli_server.py:104]: Log pipe server started
2025-10-31 00:11:50,904 [INFO] [MainThread] [root/main.py:47]: Waiting for previous YASB instance to exit...
2025-10-31 00:11:51,240 [INFO] [MainThread] [root/bar_manager.py:92]: Stopping SystemEventListener...
2025-10-31 00:11:51,240 [INFO] [MainThread] [root/bar_manager.py:92]: Stopping WindowsNotificationEventListener...
2025-10-31 00:11:51,240 [DEBUG] [MainThread] [qasync._windows._EventPoller/_windows.py:220]: Stopping worker thread...
2025-10-31 00:11:51,256 [DEBUG] [Dummy-6] [qasync._windows._EventWorker/_windows.py:204]: Exiting thread
2025-10-31 00:11:51,256 [DEBUG] [MainThread] [qasync._windows._IocpProactor/_windows.py:78]: Closing
2025-10-31 00:11:51,407 [INFO] [MainThread] [root/main.py:73]: Previous instance exited, continuing startup.
2025-10-31 00:11:51,557 [DEBUG] [MainThread] [tzlocal/win32.py:55]: Looking up time zone info from registry
2025-10-31 00:11:51,636 [DEBUG] [MainThread] [comtypes/__init__.py:149]: CoInitializeEx(None, 2)
2025-10-31 00:11:51,746 [ERROR] [MainThread] [root/weather.py:59]: API key or location is missing. Please provide a valid API key and location.
2025-10-31 00:11:52,137 [ERROR] [MainThread] [root/weather.py:59]: API key or location is missing. Please provide a valid API key and location.
2025-10-31 00:11:52,242 [ERROR] [MainThread] [root/weather.py:59]: API key or location is missing. Please provide a valid API key and location.
2025-10-31 00:11:52,267 [INFO] [MainThread] [root/bar_manager.py:85]: Starting SystemEventListener...
2025-10-31 00:11:52,267 [INFO] [MainThread] [root/bar_manager.py:85]: Starting WindowsNotificationEventListener...
2025-10-31 00:11:52,267 [INFO] [MainThread] [root/watcher.py:54]: Created file watcher for path C:\Users\8eber\.config\yasb
2025-10-31 00:11:52,333 [DEBUG] [MainThread] [qasync._windows._EventPoller/_windows.py:215]: Starting (proactor: <_IocpProactor overlapped#=0 result#=0>)...
2025-10-31 00:11:52,333 [DEBUG] [Dummy-6] [qasync._windows._EventWorker/_windows.py:195]: Thread started
2025-10-31 00:13:24,466 [INFO] [MainThread] [root/controller.py:15]: Reloading Application because of config change.
2025-10-31 00:13:24,575 [INFO] [MainThread] [cli_server/cli_server.py:112]: Log pipe server stopped
2025-10-31 00:13:24,575 [DEBUG] [MainThread] [cli_server/cli_server.py:206]: CLI server stopped
2025-10-31 00:13:24,575 [INFO] [MainThread] [root/bar_manager.py:76]: Successfully loaded updated config and re-initialised all bars.
2025-10-31 00:13:24,764 [INFO] [MainThread] [root/log.py:59]: YASB v1.8.3
2025-10-31 00:13:24,764 [INFO] [Thread-1 (_run_server)] [cli_server/cli_server.py:212]: CLI server started v1.1.2
2025-10-31 00:13:24,764 [INFO] [MainThread] [cli_server/cli_server.py:104]: Log pipe server started
2025-10-31 00:13:24,764 [INFO] [MainThread] [root/main.py:47]: Waiting for previous YASB instance to exit...
2025-10-31 00:13:25,112 [INFO] [MainThread] [root/bar_manager.py:92]: Stopping SystemEventListener...
2025-10-31 00:13:25,112 [INFO] [MainThread] [root/bar_manager.py:92]: Stopping WindowsNotificationEventListener...
2025-10-31 00:13:25,128 [DEBUG] [MainThread] [qasync._windows._EventPoller/_windows.py:220]: Stopping worker thread...
2025-10-31 00:13:25,143 [DEBUG] [Dummy-6] [qasync._windows._EventWorker/_windows.py:204]: Exiting thread
2025-10-31 00:13:25,143 [DEBUG] [MainThread] [qasync._windows._IocpProactor/_windows.py:78]: Closing
2025-10-31 00:13:25,269 [INFO] [MainThread] [root/main.py:73]: Previous instance exited, continuing startup.
2025-10-31 00:13:25,409 [DEBUG] [MainThread] [tzlocal/win32.py:55]: Looking up time zone info from registry
2025-10-31 00:13:25,445 [DEBUG] [MainThread] [comtypes/__init__.py:149]: CoInitializeEx(None, 2)
2025-10-31 00:13:25,558 [ERROR] [MainThread] [root/weather.py:59]: API key or location is missing. Please provide a valid API key and location.
2025-10-31 00:13:25,919 [ERROR] [MainThread] [root/weather.py:59]: API key or location is missing. Please provide a valid API key and location.
2025-10-31 00:13:26,018 [ERROR] [MainThread] [root/weather.py:59]: API key or location is missing. Please provide a valid API key and location.
2025-10-31 00:13:26,045 [INFO] [MainThread] [root/bar_manager.py:85]: Starting WindowsNotificationEventListener...
2025-10-31 00:13:26,045 [INFO] [MainThread] [root/bar_manager.py:85]: Starting SystemEventListener...
2025-10-31 00:13:26,045 [INFO] [MainThread] [root/watcher.py:54]: Created file watcher for path C:\Users\8eber\.config\yasb
2025-10-31 00:13:26,099 [DEBUG] [MainThread] [qasync._windows._EventPoller/_windows.py:215]: Starting (proactor: <_IocpProactor overlapped#=0 result#=0>)...
2025-10-31 00:13:26,099 [DEBUG] [Dummy-6] [qasync._windows._EventWorker/_windows.py:195]: Thread started
2025-10-31 00:13:42,557 [INFO] [MainThread] [root/controller.py:15]: Reloading Application because of config change.
2025-10-31 00:13:42,668 [INFO] [MainThread] [cli_server/cli_server.py:112]: Log pipe server stopped
2025-10-31 00:13:42,668 [DEBUG] [MainThread] [cli_server/cli_server.py:206]: CLI server stopped
2025-10-31 00:13:42,668 [INFO] [MainThread] [root/bar_manager.py:76]: Successfully loaded updated config and re-initialised all bars.
2025-10-31 00:13:42,865 [INFO] [MainThread] [root/log.py:59]: YASB v1.8.3
2025-10-31 00:13:42,865 [INFO] [Thread-1 (_run_server)] [cli_server/cli_server.py:212]: CLI server started v1.1.2
2025-10-31 00:13:42,865 [INFO] [MainThread] [cli_server/cli_server.py:104]: Log pipe server started
2025-10-31 00:13:42,865 [INFO] [MainThread] [root/main.py:47]: Waiting for previous YASB instance to exit...
2025-10-31 00:13:43,158 [INFO] [MainThread] [root/bar_manager.py:92]: Stopping WindowsNotificationEventListener...
2025-10-31 00:13:43,158 [INFO] [MainThread] [root/bar_manager.py:92]: Stopping SystemEventListener...
2025-10-31 00:13:43,169 [DEBUG] [MainThread] [qasync._windows._EventPoller/_windows.py:220]: Stopping worker thread...
2025-10-31 00:13:43,174 [DEBUG] [Dummy-6] [qasync._windows._EventWorker/_windows.py:204]: Exiting thread
2025-10-31 00:13:43,174 [DEBUG] [MainThread] [qasync._windows._IocpProactor/_windows.py:78]: Closing
2025-10-31 00:13:43,366 [INFO] [MainThread] [root/main.py:73]: Previous instance exited, continuing startup.
2025-10-31 00:13:43,481 [DEBUG] [MainThread] [tzlocal/win32.py:55]: Looking up time zone info from registry
2025-10-31 00:13:43,511 [DEBUG] [MainThread] [comtypes/__init__.py:149]: CoInitializeEx(None, 2)
2025-10-31 00:13:43,619 [ERROR] [MainThread] [root/weather.py:59]: API key or location is missing. Please provide a valid API key and location.
2025-10-31 00:13:44,012 [ERROR] [MainThread] [root/weather.py:59]: API key or location is missing. Please provide a valid API key and location.
2025-10-31 00:13:44,116 [ERROR] [MainThread] [root/weather.py:59]: API key or location is missing. Please provide a valid API key and location.
2025-10-31 00:13:44,136 [INFO] [MainThread] [root/bar_manager.py:85]: Starting WindowsNotificationEventListener...
2025-10-31 00:13:44,136 [INFO] [MainThread] [root/bar_manager.py:85]: Starting SystemEventListener...
2025-10-31 00:13:44,136 [INFO] [MainThread] [root/watcher.py:54]: Created file watcher for path C:\Users\8eber\.config\yasb
2025-10-31 00:13:44,199 [DEBUG] [MainThread] [qasync._windows._EventPoller/_windows.py:215]: Starting (proactor: <_IocpProactor overlapped#=0 result#=0>)...
2025-10-31 00:13:44,199 [DEBUG] [Dummy-6] [qasync._windows._EventWorker/_windows.py:195]: Thread started
2025-10-31 00:14:03,919 [INFO] [MainThread] [root/controller.py:15]: Reloading Application because of config change.
2025-10-31 00:14:04,030 [INFO] [MainThread] [cli_server/cli_server.py:112]: Log pipe server stopped
2025-10-31 00:14:04,030 [DEBUG] [MainThread] [cli_server/cli_server.py:206]: CLI server stopped
2025-10-31 00:14:04,032 [INFO] [MainThread] [root/bar_manager.py:76]: Successfully loaded updated config and re-initialised all bars.
2025-10-31 00:14:04,219 [INFO] [MainThread] [root/log.py:59]: YASB v1.8.3
2025-10-31 00:14:04,219 [INFO] [Thread-1 (_run_server)] [cli_server/cli_server.py:212]: CLI server started v1.1.2
2025-10-31 00:14:04,219 [INFO] [MainThread] [cli_server/cli_server.py:104]: Log pipe server started
2025-10-31 00:14:04,219 [INFO] [MainThread] [root/main.py:47]: Waiting for previous YASB instance to exit...
2025-10-31 00:14:04,566 [INFO] [MainThread] [root/bar_manager.py:92]: Stopping WindowsNotificationEventListener...
2025-10-31 00:14:04,566 [INFO] [MainThread] [root/bar_manager.py:92]: Stopping SystemEventListener...
2025-10-31 00:14:04,572 [DEBUG] [MainThread] [qasync._windows._EventPoller/_windows.py:220]: Stopping worker thread...
2025-10-31 00:14:04,582 [DEBUG] [Dummy-6] [qasync._windows._EventWorker/_windows.py:204]: Exiting thread
2025-10-31 00:14:04,582 [DEBUG] [MainThread] [qasync._windows._IocpProactor/_windows.py:78]: Closing
2025-10-31 00:14:04,724 [INFO] [MainThread] [root/main.py:73]: Previous instance exited, continuing startup.
2025-10-31 00:14:04,870 [DEBUG] [MainThread] [tzlocal/win32.py:55]: Looking up time zone info from registry
2025-10-31 00:14:04,952 [DEBUG] [MainThread] [comtypes/__init__.py:149]: CoInitializeEx(None, 2)
2025-10-31 00:14:05,057 [ERROR] [MainThread] [root/weather.py:59]: API key or location is missing. Please provide a valid API key and location.
2025-10-31 00:14:05,404 [ERROR] [MainThread] [root/weather.py:59]: API key or location is missing. Please provide a valid API key and location.
2025-10-31 00:14:05,488 [ERROR] [MainThread] [root/weather.py:59]: API key or location is missing. Please provide a valid API key and location.
2025-10-31 00:14:05,521 [INFO] [MainThread] [root/bar_manager.py:85]: Starting WindowsNotificationEventListener...
2025-10-31 00:14:05,521 [INFO] [MainThread] [root/bar_manager.py:85]: Starting SystemEventListener...
2025-10-31 00:14:05,521 [INFO] [MainThread] [root/watcher.py:54]: Created file watcher for path C:\Users\8eber\.config\yasb
2025-10-31 00:14:05,594 [DEBUG] [MainThread] [qasync._windows._EventPoller/_windows.py:215]: Starting (proactor: <_IocpProactor overlapped#=0 result#=0>)...
2025-10-31 00:14:05,594 [DEBUG] [Dummy-6] [qasync._windows._EventWorker/_windows.py:195]: Thread started
2025-10-31 00:15:21,087 [INFO] [MainThread] [root/controller.py:15]: Reloading Application because of config change.
2025-10-31 00:15:21,198 [INFO] [MainThread] [cli_server/cli_server.py:112]: Log pipe server stopped
2025-10-31 00:15:21,198 [DEBUG] [MainThread] [cli_server/cli_server.py:206]: CLI server stopped
2025-10-31 00:15:21,198 [INFO] [MainThread] [root/bar_manager.py:76]: Successfully loaded updated config and re-initialised all bars.
2025-10-31 00:15:21,388 [INFO] [MainThread] [root/log.py:59]: YASB v1.8.3
2025-10-31 00:15:21,388 [INFO] [Thread-1 (_run_server)] [cli_server/cli_server.py:212]: CLI server started v1.1.2
2025-10-31 00:15:21,388 [INFO] [MainThread] [cli_server/cli_server.py:104]: Log pipe server started
2025-10-31 00:15:21,388 [INFO] [MainThread] [root/main.py:47]: Waiting for previous YASB instance to exit...
2025-10-31 00:15:21,766 [INFO] [MainThread] [root/bar_manager.py:92]: Stopping WindowsNotificationEventListener...
2025-10-31 00:15:21,766 [INFO] [MainThread] [root/bar_manager.py:92]: Stopping SystemEventListener...
2025-10-31 00:15:21,766 [DEBUG] [MainThread] [qasync._windows._EventPoller/_windows.py:220]: Stopping worker thread...
2025-10-31 00:15:21,782 [DEBUG] [Dummy-6] [qasync._windows._EventWorker/_windows.py:204]: Exiting thread
2025-10-31 00:15:21,784 [DEBUG] [MainThread] [qasync._windows._IocpProactor/_windows.py:78]: Closing
2025-10-31 00:15:21,901 [INFO] [MainThread] [root/main.py:73]: Previous instance exited, continuing startup.
2025-10-31 00:15:22,005 [DEBUG] [MainThread] [tzlocal/win32.py:55]: Looking up time zone info from registry
2025-10-31 00:15:22,042 [DEBUG] [MainThread] [comtypes/__init__.py:149]: CoInitializeEx(None, 2)
2025-10-31 00:15:22,153 [ERROR] [MainThread] [root/weather.py:59]: API key or location is missing. Please provide a valid API key and location.
2025-10-31 00:15:22,564 [ERROR] [MainThread] [root/weather.py:59]: API key or location is missing. Please provide a valid API key and location.
2025-10-31 00:15:22,658 [ERROR] [MainThread] [root/weather.py:59]: API key or location is missing. Please provide a valid API key and location.
2025-10-31 00:15:22,683 [INFO] [MainThread] [root/bar_manager.py:85]: Starting WindowsNotificationEventListener...
2025-10-31 00:15:22,683 [INFO] [MainThread] [root/bar_manager.py:85]: Starting SystemEventListener...
2025-10-31 00:15:22,683 [INFO] [MainThread] [root/watcher.py:54]: Created file watcher for path C:\Users\8eber\.config\yasb
2025-10-31 00:15:22,734 [DEBUG] [MainThread] [qasync._windows._EventPoller/_windows.py:215]: Starting (proactor: <_IocpProactor overlapped#=0 result#=0>)...
2025-10-31 00:15:22,743 [DEBUG] [Dummy-6] [qasync._windows._EventWorker/_windows.py:195]: Thread started
2025-10-31 00:16:09,680 [INFO] [MainThread] [root/controller.py:15]: Reloading Application because of config change.
2025-10-31 00:16:09,797 [INFO] [MainThread] [cli_server/cli_server.py:112]: Log pipe server stopped
2025-10-31 00:16:09,797 [DEBUG] [MainThread] [cli_server/cli_server.py:206]: CLI server stopped
2025-10-31 00:16:09,799 [INFO] [MainThread] [root/bar_manager.py:76]: Successfully loaded updated config and re-initialised all bars.
2025-10-31 00:16:09,986 [INFO] [MainThread] [root/log.py:59]: YASB v1.8.3
2025-10-31 00:16:09,986 [INFO] [Thread-1 (_run_server)] [cli_server/cli_server.py:212]: CLI server started v1.1.2
2025-10-31 00:16:09,990 [INFO] [MainThread] [cli_server/cli_server.py:104]: Log pipe server started
2025-10-31 00:16:09,990 [INFO] [MainThread] [root/main.py:47]: Waiting for previous YASB instance to exit...
2025-10-31 00:16:10,320 [INFO] [MainThread] [root/bar_manager.py:92]: Stopping WindowsNotificationEventListener...
2025-10-31 00:16:10,320 [INFO] [MainThread] [root/bar_manager.py:92]: Stopping SystemEventListener...
2025-10-31 00:16:10,329 [DEBUG] [MainThread] [qasync._windows._EventPoller/_windows.py:220]: Stopping worker thread...
2025-10-31 00:16:10,335 [DEBUG] [Dummy-6] [qasync._windows._EventWorker/_windows.py:204]: Exiting thread
2025-10-31 00:16:10,335 [DEBUG] [MainThread] [qasync._windows._IocpProactor/_windows.py:78]: Closing
2025-10-31 00:16:10,491 [INFO] [MainThread] [root/main.py:73]: Previous instance exited, continuing startup.
2025-10-31 00:16:10,638 [DEBUG] [MainThread] [tzlocal/win32.py:55]: Looking up time zone info from registry
2025-10-31 00:16:10,738 [DEBUG] [MainThread] [comtypes/__init__.py:149]: CoInitializeEx(None, 2)
2025-10-31 00:16:10,850 [ERROR] [MainThread] [root/weather.py:59]: API key or location is missing. Please provide a valid API key and location.
2025-10-31 00:16:11,210 [ERROR] [MainThread] [root/weather.py:59]: API key or location is missing. Please provide a valid API key and location.
2025-10-31 00:16:11,300 [ERROR] [MainThread] [root/weather.py:59]: API key or location is missing. Please provide a valid API key and location.
2025-10-31 00:16:11,332 [INFO] [MainThread] [root/bar_manager.py:85]: Starting WindowsNotificationEventListener...
2025-10-31 00:16:11,332 [INFO] [MainThread] [root/bar_manager.py:85]: Starting SystemEventListener...
2025-10-31 00:16:11,332 [INFO] [MainThread] [root/watcher.py:54]: Created file watcher for path C:\Users\8eber\.config\yasb
2025-10-31 00:16:11,392 [DEBUG] [MainThread] [qasync._windows._EventPoller/_windows.py:215]: Starting (proactor: <_IocpProactor overlapped#=0 result#=0>)...
2025-10-31 00:16:11,401 [DEBUG] [Dummy-6] [qasync._windows._EventWorker/_windows.py:195]: Thread started
2025-10-31 00:16:23,439 [INFO] [MainThread] [root/controller.py:15]: Reloading Application because of config change.
2025-10-31 00:16:23,546 [INFO] [MainThread] [cli_server/cli_server.py:112]: Log pipe server stopped
2025-10-31 00:16:23,546 [DEBUG] [MainThread] [cli_server/cli_server.py:206]: CLI server stopped
2025-10-31 00:16:23,549 [INFO] [MainThread] [root/bar_manager.py:76]: Successfully loaded updated config and re-initialised all bars.
2025-10-31 00:16:23,740 [INFO] [MainThread] [root/log.py:59]: YASB v1.8.3
2025-10-31 00:16:23,740 [INFO] [Thread-1 (_run_server)] [cli_server/cli_server.py:212]: CLI server started v1.1.2
2025-10-31 00:16:23,740 [INFO] [MainThread] [cli_server/cli_server.py:104]: Log pipe server started
2025-10-31 00:16:23,740 [INFO] [MainThread] [root/main.py:47]: Waiting for previous YASB instance to exit...
2025-10-31 00:16:24,105 [INFO] [MainThread] [root/bar_manager.py:92]: Stopping WindowsNotificationEventListener...
2025-10-31 00:16:24,105 [INFO] [MainThread] [root/bar_manager.py:92]: Stopping SystemEventListener...
2025-10-31 00:16:24,116 [DEBUG] [MainThread] [qasync._windows._EventPoller/_windows.py:220]: Stopping worker thread...
2025-10-31 00:16:24,131 [DEBUG] [Dummy-6] [qasync._windows._EventWorker/_windows.py:204]: Exiting thread
2025-10-31 00:16:24,133 [DEBUG] [MainThread] [qasync._windows._IocpProactor/_windows.py:78]: Closing
2025-10-31 00:16:24,248 [INFO] [MainThread] [root/main.py:73]: Previous instance exited, continuing startup.
2025-10-31 00:16:24,401 [DEBUG] [MainThread] [tzlocal/win32.py:55]: Looking up time zone info from registry
2025-10-31 00:16:24,481 [DEBUG] [MainThread] [comtypes/__init__.py:149]: CoInitializeEx(None, 2)
2025-10-31 00:16:24,583 [ERROR] [MainThread] [root/weather.py:59]: API key or location is missing. Please provide a valid API key and location.
2025-10-31 00:16:24,916 [ERROR] [MainThread] [root/weather.py:59]: API key or location is missing. Please provide a valid API key and location.
2025-10-31 00:16:25,017 [ERROR] [MainThread] [root/weather.py:59]: API key or location is missing. Please provide a valid API key and location.
2025-10-31 00:16:25,043 [INFO] [MainThread] [root/bar_manager.py:85]: Starting SystemEventListener...
2025-10-31 00:16:25,043 [INFO] [MainThread] [root/bar_manager.py:85]: Starting WindowsNotificationEventListener...
2025-10-31 00:16:25,043 [INFO] [MainThread] [root/watcher.py:54]: Created file watcher for path C:\Users\8eber\.config\yasb
2025-10-31 00:16:25,096 [DEBUG] [MainThread] [qasync._windows._EventPoller/_windows.py:215]: Starting (proactor: <_IocpProactor overlapped#=0 result#=0>)...
2025-10-31 00:16:25,104 [DEBUG] [Dummy-6] [qasync._windows._EventWorker/_windows.py:195]: Thread started
